{"/home/travis/build/npmtest/node-npmtest-he/test.js":{"path":"/home/travis/build/npmtest/node-npmtest-he/test.js","s":{"1":2,"2":2,"3":2,"4":2,"5":2,"6":2,"7":2,"8":1,"9":2,"10":2,"11":1,"12":1,"13":1,"14":1,"15":2,"16":2,"17":2,"18":2,"19":1,"20":1,"21":2,"22":2,"23":2,"24":1,"25":1,"26":1,"27":1,"28":1,"29":1,"30":1,"31":1,"32":1,"33":1,"34":1,"35":1,"36":1,"37":2,"38":2,"39":1,"40":2,"41":2,"42":1,"43":2,"44":2,"45":1,"46":2,"47":2,"48":1,"49":1,"50":1,"51":1,"52":1},"b":{"1":[2,1,1,1],"2":[1,1,1,1],"3":[1,1],"4":[1,1],"5":[1,1],"6":[1,1],"7":[1,1],"8":[1,1],"9":[1,1,1],"10":[1,1],"11":[1,1],"12":[1,1],"13":[1,1],"14":[1,1],"15":[1,1],"16":[1,1]},"f":{"1":2,"2":2,"3":2,"4":2,"5":2,"6":1,"7":1,"8":2,"9":2,"10":2,"11":2,"12":1},"fnMap":{"1":{"name":"(anonymous_1)","line":12,"loc":{"start":{"line":12,"column":1},"end":{"line":12,"column":13}}},"2":{"name":"(anonymous_2)","line":19,"loc":{"start":{"line":19,"column":5},"end":{"line":19,"column":17}}},"3":{"name":"(anonymous_3)","line":23,"loc":{"start":{"line":23,"column":24},"end":{"line":23,"column":36}}},"4":{"name":"(anonymous_4)","line":61,"loc":{"start":{"line":61,"column":5},"end":{"line":61,"column":17}}},"5":{"name":"(anonymous_5)","line":82,"loc":{"start":{"line":82,"column":5},"end":{"line":82,"column":17}}},"6":{"name":"(anonymous_6)","line":102,"loc":{"start":{"line":102,"column":83},"end":{"line":105,"column":10}},"skip":true},"7":{"name":"(anonymous_7)","line":113,"loc":{"start":{"line":113,"column":77},"end":{"line":116,"column":10}},"skip":true},"8":{"name":"(anonymous_8)","line":129,"loc":{"start":{"line":129,"column":12},"end":{"line":129,"column":40}},"skip":true},"9":{"name":"(anonymous_9)","line":137,"loc":{"start":{"line":137,"column":77},"end":{"line":140,"column":10}},"skip":true},"10":{"name":"(anonymous_10)","line":148,"loc":{"start":{"line":148,"column":83},"end":{"line":151,"column":10}},"skip":true},"11":{"name":"(anonymous_11)","line":159,"loc":{"start":{"line":159,"column":79},"end":{"line":162,"column":10}},"skip":true},"12":{"name":"(anonymous_12)","line":170,"loc":{"start":{"line":170,"column":75},"end":{"line":173,"column":10}},"skip":true}},"statementMap":{"1":{"start":{"line":12,"column":0},"end":{"line":185,"column":5}},"2":{"start":{"line":14,"column":4},"end":{"line":14,"column":14}},"3":{"start":{"line":19,"column":4},"end":{"line":56,"column":9}},"4":{"start":{"line":21,"column":8},"end":{"line":21,"column":19}},"5":{"start":{"line":23,"column":8},"end":{"line":35,"column":13}},"6":{"start":{"line":24,"column":12},"end":{"line":34,"column":13}},"7":{"start":{"line":25,"column":16},"end":{"line":28,"column":30}},"8":{"start":{"line":30,"column":16},"end":{"line":33,"column":27}},"9":{"start":{"line":37,"column":8},"end":{"line":39,"column":21}},"10":{"start":{"line":40,"column":8},"end":{"line":53,"column":9}},"11":{"start":{"line":43,"column":12},"end":{"line":46,"column":14}},"12":{"start":{"line":47,"column":12},"end":{"line":47,"column":18}},"13":{"start":{"line":50,"column":12},"end":{"line":51,"column":46}},"14":{"start":{"line":52,"column":12},"end":{"line":52,"column":18}},"15":{"start":{"line":55,"column":8},"end":{"line":55,"column":35}},"16":{"start":{"line":61,"column":4},"end":{"line":63,"column":9}},"17":{"start":{"line":62,"column":8},"end":{"line":62,"column":15}},"18":{"start":{"line":64,"column":4},"end":{"line":77,"column":5}},"19":{"start":{"line":70,"column":8},"end":{"line":70,"column":14}},"20":{"start":{"line":76,"column":8},"end":{"line":76,"column":14}},"21":{"start":{"line":82,"column":4},"end":{"line":84,"column":9}},"22":{"start":{"line":83,"column":8},"end":{"line":83,"column":15}},"23":{"start":{"line":85,"column":4},"end":{"line":184,"column":5}},"24":{"start":{"line":92,"column":8},"end":{"line":94,"column":63}},"25":{"start":{"line":95,"column":8},"end":{"line":95,"column":14}},"26":{"start":{"line":102,"column":8},"end":{"line":111,"column":10},"skip":true},"27":{"start":{"line":109,"column":12},"end":{"line":109,"column":55},"skip":true},"28":{"start":{"line":110,"column":12},"end":{"line":110,"column":48},"skip":true},"29":{"start":{"line":113,"column":8},"end":{"line":126,"column":10},"skip":true},"30":{"start":{"line":120,"column":12},"end":{"line":120,"column":76},"skip":true},"31":{"start":{"line":121,"column":12},"end":{"line":121,"column":73},"skip":true},"32":{"start":{"line":122,"column":12},"end":{"line":122,"column":74},"skip":true},"33":{"start":{"line":123,"column":12},"end":{"line":123,"column":79},"skip":true},"34":{"start":{"line":124,"column":12},"end":{"line":124,"column":25},"skip":true},"35":{"start":{"line":125,"column":12},"end":{"line":125,"column":45},"skip":true},"36":{"start":{"line":128,"column":8},"end":{"line":135,"column":14},"skip":true},"37":{"start":{"line":133,"column":16},"end":{"line":133,"column":29},"skip":true},"38":{"start":{"line":134,"column":16},"end":{"line":134,"column":55},"skip":true},"39":{"start":{"line":137,"column":8},"end":{"line":146,"column":10},"skip":true},"40":{"start":{"line":144,"column":12},"end":{"line":144,"column":25},"skip":true},"41":{"start":{"line":145,"column":12},"end":{"line":145,"column":45},"skip":true},"42":{"start":{"line":148,"column":8},"end":{"line":157,"column":10},"skip":true},"43":{"start":{"line":155,"column":12},"end":{"line":155,"column":25},"skip":true},"44":{"start":{"line":156,"column":12},"end":{"line":156,"column":48},"skip":true},"45":{"start":{"line":159,"column":8},"end":{"line":168,"column":10},"skip":true},"46":{"start":{"line":166,"column":12},"end":{"line":166,"column":25},"skip":true},"47":{"start":{"line":167,"column":12},"end":{"line":167,"column":46},"skip":true},"48":{"start":{"line":170,"column":8},"end":{"line":179,"column":10},"skip":true},"49":{"start":{"line":177,"column":12},"end":{"line":177,"column":94},"skip":true},"50":{"start":{"line":178,"column":12},"end":{"line":178,"column":48},"skip":true},"51":{"start":{"line":182,"column":8},"end":{"line":182,"column":35},"skip":true},"52":{"start":{"line":183,"column":8},"end":{"line":183,"column":14},"skip":true}},"branchMap":{"1":{"line":25,"type":"binary-expr","locations":[{"start":{"line":25,"column":23},"end":{"line":25,"column":62}},{"start":{"line":26,"column":20},"end":{"line":26,"column":70}},{"start":{"line":27,"column":20},"end":{"line":27,"column":71}},{"start":{"line":28,"column":20},"end":{"line":28,"column":29}}]},"2":{"line":30,"type":"binary-expr","locations":[{"start":{"line":30,"column":23},"end":{"line":30,"column":37}},{"start":{"line":31,"column":20},"end":{"line":31,"column":61}},{"start":{"line":32,"column":20},"end":{"line":32,"column":70}},{"start":{"line":33,"column":20},"end":{"line":33,"column":26}}]},"3":{"line":37,"type":"cond-expr","locations":[{"start":{"line":38,"column":14},"end":{"line":38,"column":20}},{"start":{"line":39,"column":14},"end":{"line":39,"column":20}}]},"4":{"line":40,"type":"switch","locations":[{"start":{"line":42,"column":8},"end":{"line":47,"column":18}},{"start":{"line":49,"column":8},"end":{"line":52,"column":18}}]},"5":{"line":44,"type":"binary-expr","locations":[{"start":{"line":44,"column":16},"end":{"line":44,"column":44}},{"start":{"line":44,"column":48},"end":{"line":44,"column":66}}]},"6":{"line":50,"type":"binary-expr","locations":[{"start":{"line":50,"column":21},"end":{"line":50,"column":49}},{"start":{"line":50,"column":53},"end":{"line":50,"column":72}}]},"7":{"line":64,"type":"switch","locations":[{"start":{"line":69,"column":4},"end":{"line":70,"column":14}},{"start":{"line":75,"column":4},"end":{"line":76,"column":14}}]},"8":{"line":85,"type":"switch","locations":[{"start":{"line":90,"column":4},"end":{"line":95,"column":14}},{"start":{"line":101,"column":4},"end":{"line":183,"column":14},"skip":true}]},"9":{"line":92,"type":"binary-expr","locations":[{"start":{"line":92,"column":18},"end":{"line":92,"column":32}},{"start":{"line":93,"column":12},"end":{"line":93,"column":53}},{"start":{"line":94,"column":12},"end":{"line":94,"column":61}}]},"10":{"line":102,"type":"binary-expr","locations":[{"start":{"line":102,"column":45},"end":{"line":102,"column":79},"skip":true},{"start":{"line":102,"column":83},"end":{"line":111,"column":9},"skip":true}]},"11":{"line":113,"type":"binary-expr","locations":[{"start":{"line":113,"column":42},"end":{"line":113,"column":73},"skip":true},{"start":{"line":113,"column":77},"end":{"line":126,"column":9},"skip":true}]},"12":{"line":128,"type":"binary-expr","locations":[{"start":{"line":128,"column":48},"end":{"line":128,"column":85},"skip":true},{"start":{"line":129,"column":12},"end":{"line":135,"column":13},"skip":true}]},"13":{"line":137,"type":"binary-expr","locations":[{"start":{"line":137,"column":42},"end":{"line":137,"column":73},"skip":true},{"start":{"line":137,"column":77},"end":{"line":146,"column":9},"skip":true}]},"14":{"line":148,"type":"binary-expr","locations":[{"start":{"line":148,"column":45},"end":{"line":148,"column":79},"skip":true},{"start":{"line":148,"column":83},"end":{"line":157,"column":9},"skip":true}]},"15":{"line":159,"type":"binary-expr","locations":[{"start":{"line":159,"column":43},"end":{"line":159,"column":75},"skip":true},{"start":{"line":159,"column":79},"end":{"line":168,"column":9},"skip":true}]},"16":{"line":170,"type":"binary-expr","locations":[{"start":{"line":170,"column":41},"end":{"line":170,"column":71},"skip":true},{"start":{"line":170,"column":75},"end":{"line":179,"column":9},"skip":true}]}},"code":["/* istanbul instrument in package npmtest_he */","/*jslint","    bitwise: true,","    browser: true,","    maxerr: 8,","    maxlen: 96,","    node: true,","    nomen: true,","    regexp: true,","    stupid: true","*/","(function () {","    'use strict';","    var local;","","","","    // run shared js-env code - pre-init","    (function () {","        // init local","        local = {};","        // init modeJs","        local.modeJs = (function () {","            try {","                return typeof navigator.userAgent === 'string' &&","                    typeof document.querySelector('body') === 'object' &&","                    typeof XMLHttpRequest.prototype.open === 'function' &&","                    'browser';","            } catch (errorCaughtBrowser) {","                return module.exports &&","                    typeof process.versions.node === 'string' &&","                    typeof require('http').createServer === 'function' &&","                    'node';","            }","        }());","        // init global","        local.global = local.modeJs === 'browser'","            ? window","            : global;","        switch (local.modeJs) {","        // re-init local from window.local","        case 'browser':","            local = local.global.utility2.objectSetDefault(","                local.global.utility2_rollup || local.global.local,","                local.global.utility2","            );","            break;","        // re-init local from example.js","        case 'node':","            local = (local.global.utility2_rollup || require('utility2'))","                .requireExampleJsFromReadme();","            break;","        }","        // export local","        local.global.local = local;","    }());","","","","    // run shared js-env code - function","    (function () {","        return;","    }());","    switch (local.modeJs) {","","","","    // run browser js-env code - function","    case 'browser':","        break;","","","","    // run node js-env code - function","    case 'node':","        break;","    }","","","","    // run shared js-env code - post-init","    (function () {","        return;","    }());","    switch (local.modeJs) {","","","","    // run browser js-env code - post-init","    case 'browser':","        // run tests","        local.nop(local.modeTest &&","            document.querySelector('#testRunButton1') &&","            document.querySelector('#testRunButton1').click());","        break;","","","","    // run node js-env code - post-init","    /* istanbul ignore next */","    case 'node':","        local.testCase_buildApidoc_default = local.testCase_buildApidoc_default || function (","            options,","            onError","        ) {","        /*","         * this function will test buildApidoc's default handling-behavior-behavior","         */","            options = { modulePathList: module.paths };","            local.buildApidoc(options, onError);","        };","","        local.testCase_buildApp_default = local.testCase_buildApp_default || function (","            options,","            onError","        ) {","        /*","         * this function will test buildApp's default handling-behavior-behavior","         */","            local.testCase_buildReadme_default(options, local.onErrorThrow);","            local.testCase_buildLib_default(options, local.onErrorThrow);","            local.testCase_buildTest_default(options, local.onErrorThrow);","            local.testCase_buildCustomOrg_default(options, local.onErrorThrow);","            options = [];","            local.buildApp(options, onError);","        };","","        local.testCase_buildCustomOrg_default = local.testCase_buildCustomOrg_default ||","            function (options, onError) {","            /*","             * this function will test buildCustomOrg's default handling-behavior","             */","                options = {};","                local.buildCustomOrg(options, onError);","            };","","        local.testCase_buildLib_default = local.testCase_buildLib_default || function (","            options,","            onError","        ) {","        /*","         * this function will test buildLib's default handling-behavior","         */","            options = {};","            local.buildLib(options, onError);","        };","","        local.testCase_buildReadme_default = local.testCase_buildReadme_default || function (","            options,","            onError","        ) {","        /*","         * this function will test buildReadme's default handling-behavior-behavior","         */","            options = {};","            local.buildReadme(options, onError);","        };","","        local.testCase_buildTest_default = local.testCase_buildTest_default || function (","            options,","            onError","        ) {","        /*","         * this function will test buildTest's default handling-behavior","         */","            options = {};","            local.buildTest(options, onError);","        };","","        local.testCase_webpage_default = local.testCase_webpage_default || function (","            options,","            onError","        ) {","        /*","         * this function will test webpage's default handling-behavior","         */","            options = { modeCoverageMerge: true, url: local.serverLocalHost + '?modeTest=1' };","            local.browserTest(options, onError);","        };","","        // run test-server","        local.testRunServer(local);","        break;","    }","}());",""],"l":{"12":2,"14":2,"19":2,"21":2,"23":2,"24":2,"25":2,"30":1,"37":2,"40":2,"43":1,"47":1,"50":1,"52":1,"55":2,"61":2,"62":2,"64":2,"70":1,"76":1,"82":2,"83":2,"85":2,"92":1,"95":1,"102":1,"109":1,"110":1,"113":1,"120":1,"121":1,"122":1,"123":1,"124":1,"125":1,"128":1,"133":2,"134":2,"137":1,"144":2,"145":2,"148":1,"155":2,"156":2,"159":1,"166":2,"167":2,"170":1,"177":1,"178":1,"182":1,"183":1}},"/home/travis/build/npmtest/node-npmtest-he/lib.npmtest_he.js":{"path":"/home/travis/build/npmtest/node-npmtest-he/lib.npmtest_he.js","s":{"1":2,"2":2,"3":2,"4":2,"5":2,"6":2,"7":2,"8":1,"9":2,"10":2,"11":2,"12":2,"13":1,"14":1,"15":1,"16":1},"b":{"1":[2,1,1,1],"2":[1,1,1,1],"3":[1,1],"4":[2,2],"5":[1,1]},"f":{"1":2,"2":2,"3":2},"fnMap":{"1":{"name":"(anonymous_1)","line":12,"loc":{"start":{"line":12,"column":1},"end":{"line":12,"column":13}}},"2":{"name":"(anonymous_2)","line":19,"loc":{"start":{"line":19,"column":5},"end":{"line":19,"column":17}}},"3":{"name":"(anonymous_3)","line":23,"loc":{"start":{"line":23,"column":24},"end":{"line":23,"column":36}}}},"statementMap":{"1":{"start":{"line":12,"column":0},"end":{"line":53,"column":5}},"2":{"start":{"line":14,"column":4},"end":{"line":14,"column":14}},"3":{"start":{"line":19,"column":4},"end":{"line":52,"column":9}},"4":{"start":{"line":21,"column":8},"end":{"line":21,"column":19}},"5":{"start":{"line":23,"column":8},"end":{"line":35,"column":13}},"6":{"start":{"line":24,"column":12},"end":{"line":34,"column":13}},"7":{"start":{"line":25,"column":16},"end":{"line":28,"column":30}},"8":{"start":{"line":30,"column":16},"end":{"line":33,"column":27}},"9":{"start":{"line":37,"column":8},"end":{"line":39,"column":21}},"10":{"start":{"line":41,"column":8},"end":{"line":41,"column":54}},"11":{"start":{"line":43,"column":8},"end":{"line":43,"column":47}},"12":{"start":{"line":45,"column":8},"end":{"line":51,"column":9}},"13":{"start":{"line":46,"column":12},"end":{"line":46,"column":53}},"14":{"start":{"line":48,"column":12},"end":{"line":48,"column":35}},"15":{"start":{"line":49,"column":12},"end":{"line":49,"column":49}},"16":{"start":{"line":50,"column":12},"end":{"line":50,"column":43}}},"branchMap":{"1":{"line":25,"type":"binary-expr","locations":[{"start":{"line":25,"column":23},"end":{"line":25,"column":62}},{"start":{"line":26,"column":20},"end":{"line":26,"column":70}},{"start":{"line":27,"column":20},"end":{"line":27,"column":71}},{"start":{"line":28,"column":20},"end":{"line":28,"column":29}}]},"2":{"line":30,"type":"binary-expr","locations":[{"start":{"line":30,"column":23},"end":{"line":30,"column":37}},{"start":{"line":31,"column":20},"end":{"line":31,"column":61}},{"start":{"line":32,"column":20},"end":{"line":32,"column":70}},{"start":{"line":33,"column":20},"end":{"line":33,"column":26}}]},"3":{"line":37,"type":"cond-expr","locations":[{"start":{"line":38,"column":14},"end":{"line":38,"column":20}},{"start":{"line":39,"column":14},"end":{"line":39,"column":20}}]},"4":{"line":41,"type":"binary-expr","locations":[{"start":{"line":41,"column":16},"end":{"line":41,"column":44}},{"start":{"line":41,"column":48},"end":{"line":41,"column":53}}]},"5":{"line":45,"type":"if","locations":[{"start":{"line":45,"column":8},"end":{"line":45,"column":8}},{"start":{"line":45,"column":8},"end":{"line":45,"column":8}}]}},"code":["/* istanbul instrument in package npmtest_he */","/*jslint","    bitwise: true,","    browser: true,","    maxerr: 8,","    maxlen: 96,","    node: true,","    nomen: true,","    regexp: true,","    stupid: true","*/","(function () {","    'use strict';","    var local;","","","","    // run shared js-env code - pre-init","    (function () {","        // init local","        local = {};","        // init modeJs","        local.modeJs = (function () {","            try {","                return typeof navigator.userAgent === 'string' &&","                    typeof document.querySelector('body') === 'object' &&","                    typeof XMLHttpRequest.prototype.open === 'function' &&","                    'browser';","            } catch (errorCaughtBrowser) {","                return module.exports &&","                    typeof process.versions.node === 'string' &&","                    typeof require('http').createServer === 'function' &&","                    'node';","            }","        }());","        // init global","        local.global = local.modeJs === 'browser'","            ? window","            : global;","        // init utility2_rollup","        local = local.global.utility2_rollup || local;","        // init lib","        local.local = local.npmtest_he = local;","        // init exports","        if (local.modeJs === 'browser') {","            local.global.utility2_npmtest_he = local;","        } else {","            module.exports = local;","            module.exports.__dirname = __dirname;","            module.exports.module = module;","        }","    }());","}());",""],"l":{"12":2,"14":2,"19":2,"21":2,"23":2,"24":2,"25":2,"30":1,"37":2,"41":2,"43":2,"45":2,"46":1,"48":1,"49":1,"50":1}},"/home/travis/build/npmtest/node-npmtest-he/example.js":{"path":"/home/travis/build/npmtest/node-npmtest-he/example.js","s":{"1":2,"2":2,"3":2,"4":2,"5":2,"6":2,"7":2,"8":1,"9":2,"10":2,"11":2,"12":2,"13":1,"14":2,"15":2,"16":2,"17":2,"18":2,"19":0,"20":2,"21":1,"22":1,"23":1,"24":1,"25":1,"26":0,"27":0,"28":1,"29":1,"30":2,"31":0,"32":0,"33":0,"34":1,"35":2,"36":2,"37":2,"38":2,"39":2,"40":2,"41":0,"42":2,"43":2,"44":2,"45":1,"46":3,"47":1,"48":1,"49":1,"50":1,"51":1,"52":1,"53":1,"54":1,"55":1,"56":1,"57":0,"58":1,"59":6,"60":6,"61":1,"62":2,"63":0,"64":2,"65":1,"66":1,"67":0,"68":0,"69":0,"70":0,"71":0,"72":0,"73":0,"74":0,"75":0,"76":0,"77":0,"78":0,"79":0,"80":0,"81":0,"82":0,"83":0},"b":{"1":[2,1,1,1],"2":[1,1,1,1],"3":[1,1],"4":[2,2],"5":[1,1],"6":[1,1],"7":[2,0],"8":[2,1,1,1,1,1],"9":[0,2,0],"10":[1,1],"11":[2,1,1],"12":[1,0],"13":[0,2],"14":[2,0,0,0,0,0,0],"15":[0,2],"16":[2,0],"17":[1,1],"18":[0,1],"19":[1,2,0,2],"20":[1,0],"21":[1,1],"22":[0,0],"23":[0,0],"24":[0,0],"25":[0,0],"26":[0,0],"27":[0,0],"28":[0,0]},"f":{"1":2,"2":2,"3":2,"4":2,"5":2,"6":2,"7":2,"8":2,"9":3,"10":1,"11":6,"12":0},"fnMap":{"1":{"name":"(anonymous_1)","line":26,"loc":{"start":{"line":26,"column":1},"end":{"line":26,"column":13}}},"2":{"name":"(anonymous_2)","line":33,"loc":{"start":{"line":33,"column":5},"end":{"line":33,"column":17}}},"3":{"name":"(anonymous_3)","line":37,"loc":{"start":{"line":37,"column":24},"end":{"line":37,"column":36}}},"4":{"name":"(anonymous_4)","line":69,"loc":{"start":{"line":69,"column":31},"end":{"line":69,"column":48}},"skip":true},"5":{"name":"(anonymous_5)","line":78,"loc":{"start":{"line":78,"column":26},"end":{"line":78,"column":45}},"skip":true},"6":{"name":"(anonymous_6)","line":123,"loc":{"start":{"line":123,"column":33},"end":{"line":123,"column":48}},"skip":true},"7":{"name":"(anonymous_7)","line":125,"loc":{"start":{"line":125,"column":27},"end":{"line":125,"column":39}},"skip":true},"8":{"name":"(anonymous_8)","line":133,"loc":{"start":{"line":133,"column":59},"end":{"line":133,"column":74}},"skip":true},"9":{"name":"(anonymous_9)","line":143,"loc":{"start":{"line":143,"column":45},"end":{"line":143,"column":62}},"skip":true},"10":{"name":"(anonymous_10)","line":144,"loc":{"start":{"line":144,"column":73},"end":{"line":144,"column":92}},"skip":true},"11":{"name":"(anonymous_11)","line":272,"loc":{"start":{"line":272,"column":51},"end":{"line":272,"column":77}},"skip":true},"12":{"name":"(anonymous_12)","line":314,"loc":{"start":{"line":314,"column":32},"end":{"line":314,"column":61}},"skip":true}},"statementMap":{"1":{"start":{"line":26,"column":0},"end":{"line":325,"column":5}},"2":{"start":{"line":28,"column":4},"end":{"line":28,"column":14}},"3":{"start":{"line":33,"column":4},"end":{"line":60,"column":9}},"4":{"start":{"line":35,"column":8},"end":{"line":35,"column":19}},"5":{"start":{"line":37,"column":8},"end":{"line":49,"column":13}},"6":{"start":{"line":38,"column":12},"end":{"line":48,"column":13}},"7":{"start":{"line":39,"column":16},"end":{"line":42,"column":30}},"8":{"start":{"line":44,"column":16},"end":{"line":47,"column":27}},"9":{"start":{"line":51,"column":8},"end":{"line":53,"column":21}},"10":{"start":{"line":55,"column":8},"end":{"line":57,"column":45}},"11":{"start":{"line":59,"column":8},"end":{"line":59,"column":35}},"12":{"start":{"line":61,"column":4},"end":{"line":324,"column":5}},"13":{"start":{"line":69,"column":8},"end":{"line":121,"column":10},"skip":true},"14":{"start":{"line":70,"column":12},"end":{"line":88,"column":13},"skip":true},"15":{"start":{"line":76,"column":16},"end":{"line":87,"column":19},"skip":true},"16":{"start":{"line":79,"column":20},"end":{"line":86,"column":21},"skip":true},"17":{"start":{"line":82,"column":24},"end":{"line":82,"column":43},"skip":true},"18":{"start":{"line":83,"column":24},"end":{"line":83,"column":30},"skip":true},"19":{"start":{"line":85,"column":24},"end":{"line":85,"column":49},"skip":true},"20":{"start":{"line":89,"column":12},"end":{"line":107,"column":13},"skip":true},"21":{"start":{"line":92,"column":16},"end":{"line":102,"column":17},"skip":true},"22":{"start":{"line":93,"column":20},"end":{"line":93,"column":86},"skip":true},"23":{"start":{"line":94,"column":20},"end":{"line":95,"column":45},"skip":true},"24":{"start":{"line":96,"column":20},"end":{"line":96,"column":42},"skip":true},"25":{"start":{"line":97,"column":20},"end":{"line":97,"column":48},"skip":true},"26":{"start":{"line":100,"column":20},"end":{"line":100,"column":85},"skip":true},"27":{"start":{"line":101,"column":20},"end":{"line":101,"column":96},"skip":true},"28":{"start":{"line":103,"column":16},"end":{"line":103,"column":22},"skip":true},"29":{"start":{"line":106,"column":16},"end":{"line":106,"column":22},"skip":true},"30":{"start":{"line":108,"column":12},"end":{"line":120,"column":13},"skip":true},"31":{"start":{"line":114,"column":16},"end":{"line":119,"column":17},"skip":true},"32":{"start":{"line":116,"column":20},"end":{"line":116,"column":78},"skip":true},"33":{"start":{"line":118,"column":20},"end":{"line":118,"column":53},"skip":true},"34":{"start":{"line":123,"column":8},"end":{"line":141,"column":11},"skip":true},"35":{"start":{"line":124,"column":12},"end":{"line":124,"column":54},"skip":true},"36":{"start":{"line":125,"column":12},"end":{"line":140,"column":14},"skip":true},"37":{"start":{"line":126,"column":16},"end":{"line":126,"column":28},"skip":true},"38":{"start":{"line":127,"column":16},"end":{"line":127,"column":69},"skip":true},"39":{"start":{"line":128,"column":16},"end":{"line":128,"column":75},"skip":true},"40":{"start":{"line":129,"column":16},"end":{"line":131,"column":17},"skip":true},"41":{"start":{"line":130,"column":20},"end":{"line":130,"column":27},"skip":true},"42":{"start":{"line":133,"column":16},"end":{"line":137,"column":36},"skip":true},"43":{"start":{"line":134,"column":20},"end":{"line":136,"column":55},"skip":true},"44":{"start":{"line":139,"column":16},"end":{"line":139,"column":57},"skip":true},"45":{"start":{"line":143,"column":8},"end":{"line":147,"column":11},"skip":true},"46":{"start":{"line":144,"column":12},"end":{"line":146,"column":15},"skip":true},"47":{"start":{"line":145,"column":16},"end":{"line":145,"column":70},"skip":true},"48":{"start":{"line":149,"column":8},"end":{"line":149,"column":31},"skip":true},"49":{"start":{"line":150,"column":8},"end":{"line":150,"column":14},"skip":true},"50":{"start":{"line":158,"column":8},"end":{"line":158,"column":31},"skip":true},"51":{"start":{"line":160,"column":8},"end":{"line":160,"column":33},"skip":true},"52":{"start":{"line":161,"column":8},"end":{"line":161,"column":37},"skip":true},"53":{"start":{"line":162,"column":8},"end":{"line":162,"column":35},"skip":true},"54":{"start":{"line":164,"column":8},"end":{"line":164,"column":50},"skip":true},"55":{"start":{"line":166,"column":8},"end":{"line":256,"column":2},"skip":true},"56":{"start":{"line":258,"column":8},"end":{"line":286,"column":9},"skip":true},"57":{"start":{"line":259,"column":12},"end":{"line":269,"column":14},"skip":true},"58":{"start":{"line":271,"column":12},"end":{"line":285,"column":19},"skip":true},"59":{"start":{"line":274,"column":20},"end":{"line":274,"column":35},"skip":true},"60":{"start":{"line":275,"column":20},"end":{"line":284,"column":21},"skip":true},"61":{"start":{"line":277,"column":24},"end":{"line":277,"column":64},"skip":true},"62":{"start":{"line":279,"column":24},"end":{"line":279,"column":40},"skip":true},"63":{"start":{"line":281,"column":24},"end":{"line":281,"column":40},"skip":true},"64":{"start":{"line":283,"column":24},"end":{"line":283,"column":39},"skip":true},"65":{"start":{"line":288,"column":8},"end":{"line":290,"column":9},"skip":true},"66":{"start":{"line":289,"column":12},"end":{"line":289,"column":18},"skip":true},"67":{"start":{"line":291,"column":8},"end":{"line":293,"column":54},"skip":true},"68":{"start":{"line":294,"column":8},"end":{"line":301,"column":37},"skip":true},"69":{"start":{"line":302,"column":8},"end":{"line":302,"column":82},"skip":true},"70":{"start":{"line":305,"column":8},"end":{"line":307,"column":9},"skip":true},"71":{"start":{"line":306,"column":12},"end":{"line":306,"column":82},"skip":true},"72":{"start":{"line":309,"column":8},"end":{"line":311,"column":9},"skip":true},"73":{"start":{"line":310,"column":12},"end":{"line":310,"column":18},"skip":true},"74":{"start":{"line":312,"column":8},"end":{"line":312,"column":54},"skip":true},"75":{"start":{"line":313,"column":8},"end":{"line":313,"column":69},"skip":true},"76":{"start":{"line":314,"column":8},"end":{"line":322,"column":36},"skip":true},"77":{"start":{"line":315,"column":12},"end":{"line":315,"column":61},"skip":true},"78":{"start":{"line":316,"column":12},"end":{"line":319,"column":13},"skip":true},"79":{"start":{"line":317,"column":16},"end":{"line":317,"column":75},"skip":true},"80":{"start":{"line":318,"column":16},"end":{"line":318,"column":23},"skip":true},"81":{"start":{"line":320,"column":12},"end":{"line":320,"column":38},"skip":true},"82":{"start":{"line":321,"column":12},"end":{"line":321,"column":27},"skip":true},"83":{"start":{"line":323,"column":8},"end":{"line":323,"column":14},"skip":true}},"branchMap":{"1":{"line":39,"type":"binary-expr","locations":[{"start":{"line":39,"column":23},"end":{"line":39,"column":62}},{"start":{"line":40,"column":20},"end":{"line":40,"column":70}},{"start":{"line":41,"column":20},"end":{"line":41,"column":71}},{"start":{"line":42,"column":20},"end":{"line":42,"column":29}}]},"2":{"line":44,"type":"binary-expr","locations":[{"start":{"line":44,"column":23},"end":{"line":44,"column":37}},{"start":{"line":45,"column":20},"end":{"line":45,"column":61}},{"start":{"line":46,"column":20},"end":{"line":46,"column":70}},{"start":{"line":47,"column":20},"end":{"line":47,"column":26}}]},"3":{"line":51,"type":"cond-expr","locations":[{"start":{"line":52,"column":14},"end":{"line":52,"column":20}},{"start":{"line":53,"column":14},"end":{"line":53,"column":20}}]},"4":{"line":55,"type":"binary-expr","locations":[{"start":{"line":55,"column":16},"end":{"line":55,"column":44}},{"start":{"line":55,"column":49},"end":{"line":57,"column":43}}]},"5":{"line":55,"type":"cond-expr","locations":[{"start":{"line":56,"column":14},"end":{"line":56,"column":46}},{"start":{"line":57,"column":14},"end":{"line":57,"column":43}}]},"6":{"line":61,"type":"switch","locations":[{"start":{"line":68,"column":4},"end":{"line":150,"column":14},"skip":true},{"start":{"line":156,"column":4},"end":{"line":323,"column":14},"skip":true}]},"7":{"line":70,"type":"if","locations":[{"start":{"line":70,"column":12},"end":{"line":70,"column":12},"skip":true},{"start":{"line":70,"column":12},"end":{"line":70,"column":12},"skip":true}]},"8":{"line":70,"type":"binary-expr","locations":[{"start":{"line":70,"column":16},"end":{"line":70,"column":22},"skip":true},{"start":{"line":70,"column":27},"end":{"line":70,"column":32},"skip":true},{"start":{"line":71,"column":20},"end":{"line":71,"column":39},"skip":true},{"start":{"line":72,"column":20},"end":{"line":72,"column":49},"skip":true},{"start":{"line":73,"column":20},"end":{"line":73,"column":58},"skip":true},{"start":{"line":74,"column":20},"end":{"line":74,"column":69},"skip":true}]},"9":{"line":79,"type":"switch","locations":[{"start":{"line":80,"column":20},"end":{"line":80,"column":33},"skip":true},{"start":{"line":81,"column":20},"end":{"line":83,"column":30},"skip":true},{"start":{"line":84,"column":20},"end":{"line":85,"column":49},"skip":true}]},"10":{"line":89,"type":"switch","locations":[{"start":{"line":90,"column":12},"end":{"line":103,"column":22},"skip":true},{"start":{"line":105,"column":12},"end":{"line":106,"column":22},"skip":true}]},"11":{"line":89,"type":"binary-expr","locations":[{"start":{"line":89,"column":20},"end":{"line":89,"column":25},"skip":true},{"start":{"line":89,"column":29},"end":{"line":89,"column":48},"skip":true},{"start":{"line":89,"column":52},"end":{"line":89,"column":74},"skip":true}]},"12":{"line":92,"type":"if","locations":[{"start":{"line":92,"column":16},"end":{"line":92,"column":16},"skip":true},{"start":{"line":92,"column":16},"end":{"line":92,"column":16},"skip":true}]},"13":{"line":108,"type":"if","locations":[{"start":{"line":108,"column":12},"end":{"line":108,"column":12},"skip":true},{"start":{"line":108,"column":12},"end":{"line":108,"column":12},"skip":true}]},"14":{"line":108,"type":"binary-expr","locations":[{"start":{"line":108,"column":16},"end":{"line":108,"column":61},"skip":true},{"start":{"line":108,"column":66},"end":{"line":108,"column":72},"skip":true},{"start":{"line":108,"column":77},"end":{"line":108,"column":82},"skip":true},{"start":{"line":109,"column":20},"end":{"line":109,"column":39},"skip":true},{"start":{"line":110,"column":20},"end":{"line":110,"column":49},"skip":true},{"start":{"line":111,"column":20},"end":{"line":111,"column":58},"skip":true},{"start":{"line":112,"column":20},"end":{"line":112,"column":68},"skip":true}]},"15":{"line":129,"type":"if","locations":[{"start":{"line":129,"column":16},"end":{"line":129,"column":16},"skip":true},{"start":{"line":129,"column":16},"end":{"line":129,"column":16},"skip":true}]},"16":{"line":134,"type":"cond-expr","locations":[{"start":{"line":135,"column":26},"end":{"line":135,"column":29},"skip":true},{"start":{"line":136,"column":26},"end":{"line":136,"column":54},"skip":true}]},"17":{"line":164,"type":"binary-expr","locations":[{"start":{"line":164,"column":27},"end":{"line":164,"column":43},"skip":true},{"start":{"line":164,"column":47},"end":{"line":164,"column":49},"skip":true}]},"18":{"line":258,"type":"if","locations":[{"start":{"line":258,"column":8},"end":{"line":258,"column":8},"skip":true},{"start":{"line":258,"column":8},"end":{"line":258,"column":8},"skip":true}]},"19":{"line":275,"type":"switch","locations":[{"start":{"line":276,"column":20},"end":{"line":277,"column":64},"skip":true},{"start":{"line":278,"column":20},"end":{"line":279,"column":40},"skip":true},{"start":{"line":280,"column":20},"end":{"line":281,"column":40},"skip":true},{"start":{"line":282,"column":20},"end":{"line":283,"column":39},"skip":true}]},"20":{"line":288,"type":"if","locations":[{"start":{"line":288,"column":8},"end":{"line":288,"column":8},"skip":true},{"start":{"line":288,"column":8},"end":{"line":288,"column":8},"skip":true}]},"21":{"line":288,"type":"binary-expr","locations":[{"start":{"line":288,"column":12},"end":{"line":288,"column":40},"skip":true},{"start":{"line":288,"column":44},"end":{"line":288,"column":67},"skip":true}]},"22":{"line":292,"type":"binary-expr","locations":[{"start":{"line":292,"column":12},"end":{"line":292,"column":50},"skip":true},{"start":{"line":293,"column":12},"end":{"line":293,"column":53},"skip":true}]},"23":{"line":295,"type":"binary-expr","locations":[{"start":{"line":295,"column":12},"end":{"line":295,"column":60},"skip":true},{"start":{"line":296,"column":12},"end":{"line":301,"column":36},"skip":true}]},"24":{"line":302,"type":"binary-expr","locations":[{"start":{"line":302,"column":43},"end":{"line":302,"column":75},"skip":true},{"start":{"line":302,"column":79},"end":{"line":302,"column":81},"skip":true}]},"25":{"line":305,"type":"if","locations":[{"start":{"line":305,"column":8},"end":{"line":305,"column":8},"skip":true},{"start":{"line":305,"column":8},"end":{"line":305,"column":8},"skip":true}]},"26":{"line":309,"type":"if","locations":[{"start":{"line":309,"column":8},"end":{"line":309,"column":8},"skip":true},{"start":{"line":309,"column":8},"end":{"line":309,"column":8},"skip":true}]},"27":{"line":312,"type":"binary-expr","locations":[{"start":{"line":312,"column":27},"end":{"line":312,"column":43},"skip":true},{"start":{"line":312,"column":47},"end":{"line":312,"column":53},"skip":true}]},"28":{"line":316,"type":"if","locations":[{"start":{"line":316,"column":12},"end":{"line":316,"column":12},"skip":true},{"start":{"line":316,"column":12},"end":{"line":316,"column":12},"skip":true}]}},"code":["/*","example.js","","quickstart example","","instruction","    1. save this script as example.js","    2. run the shell command:","        $ npm install npmtest-he && PORT=8081 node example.js","    3. play with the browser-demo on http://127.0.0.1:8081","*/","","","","/* istanbul instrument in package npmtest_he */","/*jslint","    bitwise: true,","    browser: true,","    maxerr: 8,","    maxlen: 96,","    node: true,","    nomen: true,","    regexp: true,","    stupid: true","*/","(function () {","    'use strict';","    var local;","","","","    // run shared js-env code - pre-init","    (function () {","        // init local","        local = {};","        // init modeJs","        local.modeJs = (function () {","            try {","                return typeof navigator.userAgent === 'string' &&","                    typeof document.querySelector('body') === 'object' &&","                    typeof XMLHttpRequest.prototype.open === 'function' &&","                    'browser';","            } catch (errorCaughtBrowser) {","                return module.exports &&","                    typeof process.versions.node === 'string' &&","                    typeof require('http').createServer === 'function' &&","                    'node';","            }","        }());","        // init global","        local.global = local.modeJs === 'browser'","            ? window","            : global;","        // init utility2_rollup","        local = local.global.utility2_rollup || (local.modeJs === 'browser'","            ? local.global.utility2_npmtest_he","            : global.utility2_moduleExports);","        // export local","        local.global.local = local;","    }());","    switch (local.modeJs) {","","","","    // post-init","    // run browser js-env code - post-init","    /* istanbul ignore next */","    case 'browser':","        local.testRunBrowser = function (event) {","            if (!event || (event &&","                    event.currentTarget &&","                    event.currentTarget.className &&","                    event.currentTarget.className.includes &&","                    event.currentTarget.className.includes('onreset'))) {","                // reset output","                Array.from(","                    document.querySelectorAll('body > .resettable')","                ).forEach(function (element) {","                    switch (element.tagName) {","                    case 'INPUT':","                    case 'TEXTAREA':","                        element.value = '';","                        break;","                    default:","                        element.textContent = '';","                    }","                });","            }","            switch (event && event.currentTarget && event.currentTarget.id) {","            case 'testRunButton1':","                // show tests","                if (document.querySelector('#testReportDiv1').style.display === 'none') {","                    document.querySelector('#testReportDiv1').style.display = 'block';","                    document.querySelector('#testRunButton1').textContent =","                        'hide internal test';","                    local.modeTest = true;","                    local.testRunDefault(local);","                // hide tests","                } else {","                    document.querySelector('#testReportDiv1').style.display = 'none';","                    document.querySelector('#testRunButton1').textContent = 'run internal test';","                }","                break;","            // custom-case","            default:","                break;","            }","            if (document.querySelector('#inputTextareaEval1') && (!event || (event &&","                    event.currentTarget &&","                    event.currentTarget.className &&","                    event.currentTarget.className.includes &&","                    event.currentTarget.className.includes('oneval')))) {","                // try to eval input-code","                try {","                    /*jslint evil: true*/","                    eval(document.querySelector('#inputTextareaEval1').value);","                } catch (errorCaught) {","                    console.error(errorCaught.stack);","                }","            }","        };","        // log stderr and stdout to #outputTextareaStdout1","        ['error', 'log'].forEach(function (key) {","            console[key + '_original'] = console[key];","            console[key] = function () {","                var element;","                console[key + '_original'].apply(console, arguments);","                element = document.querySelector('#outputTextareaStdout1');","                if (!element) {","                    return;","                }","                // append text to #outputTextareaStdout1","                element.value += Array.from(arguments).map(function (arg) {","                    return typeof arg === 'string'","                        ? arg","                        : JSON.stringify(arg, null, 4);","                }).join(' ') + '\\n';","                // scroll textarea to bottom","                element.scrollTop = element.scrollHeight;","            };","        });","        // init event-handling","        ['change', 'click', 'keyup'].forEach(function (event) {","            Array.from(document.querySelectorAll('.on' + event)).forEach(function (element) {","                element.addEventListener(event, local.testRunBrowser);","            });","        });","        // run tests","        local.testRunBrowser();","        break;","","","","    // run node js-env code - post-init","    /* istanbul ignore next */","    case 'node':","        // export local","        module.exports = local;","        // require modules","        local.fs = require('fs');","        local.http = require('http');","        local.url = require('url');","        // init assets","        local.assetsDict = local.assetsDict || {};","        /* jslint-ignore-begin */","        local.assetsDict['/assets.index.template.html'] = '\\","<!doctype html>\\n\\","<html lang=\"en\">\\n\\","<head>\\n\\","<meta charset=\"UTF-8\">\\n\\","<meta name=\"viewport\" content=\"width=device-width, initial-scale=1\">\\n\\","<title>{{env.npm_package_name}} (v{{env.npm_package_version}})</title>\\n\\","<style>\\n\\","/*csslint\\n\\","    box-sizing: false,\\n\\","    universal-selector: false\\n\\","*/\\n\\","* {\\n\\","    box-sizing: border-box;\\n\\","}\\n\\","body {\\n\\","    background: #dde;\\n\\","    font-family: Arial, Helvetica, sans-serif;\\n\\","    margin: 2rem;\\n\\","}\\n\\","body > * {\\n\\","    margin-bottom: 1rem;\\n\\","}\\n\\",".utility2FooterDiv {\\n\\","    margin-top: 20px;\\n\\","    text-align: center;\\n\\","}\\n\\","</style>\\n\\","<style>\\n\\","/*csslint\\n\\","*/\\n\\","textarea {\\n\\","    font-family: monospace;\\n\\","    height: 10rem;\\n\\","    width: 100%;\\n\\","}\\n\\","textarea[readonly] {\\n\\","    background: #ddd;\\n\\","}\\n\\","</style>\\n\\","</head>\\n\\","<body>\\n\\","<!-- utility2-comment\\n\\","<div id=\"ajaxProgressDiv1\" style=\"background: #d00; height: 2px; left: 0; margin: 0; padding: 0; position: fixed; top: 0; transition: background 0.5s, width 1.5s; width: 25%;\"></div>\\n\\","utility2-comment -->\\n\\","<h1>\\n\\","<!-- utility2-comment\\n\\","    <a\\n\\","        {{#if env.npm_package_homepage}}\\n\\","        href=\"{{env.npm_package_homepage}}\"\\n\\","        {{/if env.npm_package_homepage}}\\n\\","        target=\"_blank\"\\n\\","    >\\n\\","utility2-comment -->\\n\\","        {{env.npm_package_name}} (v{{env.npm_package_version}})\\n\\","<!-- utility2-comment\\n\\","    </a>\\n\\","utility2-comment -->\\n\\","</h1>\\n\\","<h3>{{env.npm_package_description}}</h3>\\n\\","<!-- utility2-comment\\n\\","<h4><a download href=\"assets.app.js\">download standalone app</a></h4>\\n\\","<button class=\"onclick onreset\" id=\"testRunButton1\">run internal test</button><br>\\n\\","<div id=\"testReportDiv1\" style=\"display: none;\"></div>\\n\\","utility2-comment -->\\n\\","\\n\\","\\n\\","\\n\\","<label>stderr and stdout</label>\\n\\","<textarea class=\"resettable\" id=\"outputTextareaStdout1\" readonly></textarea>\\n\\","<!-- utility2-comment\\n\\","{{#if isRollup}}\\n\\","<script src=\"assets.app.js\"></script>\\n\\","{{#unless isRollup}}\\n\\","utility2-comment -->\\n\\","<script src=\"assets.utility2.rollup.js\"></script>\\n\\","<script src=\"jsonp.utility2._stateInit?callback=window.utility2._stateInit\"></script>\\n\\","<script src=\"assets.npmtest_he.rollup.js\"></script>\\n\\","<script src=\"assets.example.js\"></script>\\n\\","<script src=\"assets.test.js\"></script>\\n\\","<!-- utility2-comment\\n\\","{{/if isRollup}}\\n\\","utility2-comment -->\\n\\","<div class=\"utility2FooterDiv\">\\n\\","    [ this app was created with\\n\\","    <a href=\"https://github.com/kaizhu256/node-utility2\" target=\"_blank\">utility2</a>\\n\\","    ]\\n\\","</div>\\n\\","</body>\\n\\","</html>\\n\\","';","        /* jslint-ignore-end */","        if (local.templateRender) {","            local.assetsDict['/'] = local.templateRender(","                local.assetsDict['/assets.index.template.html'],","                {","                    env: local.objectSetDefault(local.env, {","                        npm_package_description: 'the greatest app in the world!',","                        npm_package_name: 'my-app',","                        npm_package_nameAlias: 'my_app',","                        npm_package_version: '0.0.1'","                    })","                }","            );","        } else {","            local.assetsDict['/'] = local.assetsDict['/assets.index.template.html']","                .replace((/\\{\\{env\\.(\\w+?)\\}\\}/g), function (match0, match1) {","                    // jslint-hack","                    String(match0);","                    switch (match1) {","                    case 'npm_package_description':","                        return 'the greatest app in the world!';","                    case 'npm_package_name':","                        return 'my-app';","                    case 'npm_package_nameAlias':","                        return 'my_app';","                    case 'npm_package_version':","                        return '0.0.1';","                    }","                });","        }","        // run the cli","        if (local.global.utility2_rollup || module !== require.main) {","            break;","        }","        local.assetsDict['/assets.example.js'] =","            local.assetsDict['/assets.example.js'] ||","            local.fs.readFileSync(__filename, 'utf8');","        local.assetsDict['/assets.npmtest_he.rollup.js'] =","            local.assetsDict['/assets.npmtest_he.rollup.js'] ||","            local.fs.readFileSync(","                // buildCustomOrg-hack","                local.npmtest_he.__dirname +","                    '/lib.npmtest_he.js',","                'utf8'","            ).replace((/^#!/), '//');","        local.assetsDict['/favicon.ico'] = local.assetsDict['/favicon.ico'] || '';","        // if $npm_config_timeout_exit exists,","        // then exit this process after $npm_config_timeout_exit ms","        if (Number(process.env.npm_config_timeout_exit)) {","            setTimeout(process.exit, Number(process.env.npm_config_timeout_exit));","        }","        // start server","        if (local.global.utility2_serverHttp1) {","            break;","        }","        process.env.PORT = process.env.PORT || '8081';","        console.error('server starting on port ' + process.env.PORT);","        local.http.createServer(function (request, response) {","            request.urlParsed = local.url.parse(request.url);","            if (local.assetsDict[request.urlParsed.pathname] !== undefined) {","                response.end(local.assetsDict[request.urlParsed.pathname]);","                return;","            }","            response.statusCode = 404;","            response.end();","        }).listen(process.env.PORT);","        break;","    }","}());",""],"l":{"26":2,"28":2,"33":2,"35":2,"37":2,"38":2,"39":2,"44":1,"51":2,"55":2,"59":2,"61":2,"69":1,"70":2,"76":2,"79":2,"82":2,"83":2,"85":1,"89":2,"92":1,"93":1,"94":1,"96":1,"97":1,"100":1,"101":1,"103":1,"106":1,"108":2,"114":1,"116":1,"118":1,"123":1,"124":2,"125":2,"126":2,"127":2,"128":2,"129":2,"130":1,"133":2,"134":2,"139":2,"143":1,"144":3,"145":1,"149":1,"150":1,"158":1,"160":1,"161":1,"162":1,"164":1,"166":1,"258":1,"259":1,"271":1,"274":6,"275":6,"277":1,"279":2,"281":1,"283":2,"288":1,"289":1,"291":1,"294":1,"302":1,"305":1,"306":1,"309":1,"310":1,"312":1,"313":1,"314":1,"315":1,"316":1,"317":1,"318":1,"320":1,"321":1,"323":1}},"/home/travis/build/npmtest/node-npmtest-he/he/he.js":{"path":"/home/travis/build/npmtest/node-npmtest-he/he/he.js","s":{"1":1,"2":1,"3":1,"4":1,"5":1,"6":1,"7":1,"8":1,"9":1,"10":1,"11":1,"12":1,"13":1,"14":1,"15":1,"16":1,"17":1,"18":1,"19":1,"20":1,"21":1,"22":1,"23":1,"24":1,"25":0,"26":1,"27":0,"28":0,"29":0,"30":0,"31":0,"32":0,"33":1,"34":0,"35":0,"36":0,"37":0,"38":0,"39":0,"40":0,"41":1,"42":0,"43":0,"44":0,"45":0,"46":0,"47":0,"48":0,"49":0,"50":0,"51":0,"52":0,"53":0,"54":0,"55":0,"56":0,"57":0,"58":0,"59":1,"60":0,"61":1,"62":0,"63":1,"64":0,"65":1,"66":0,"67":0,"68":0,"69":0,"70":0,"71":0,"72":0,"73":0,"74":0,"75":0,"76":0,"77":0,"78":0,"79":0,"80":0,"81":0,"82":0,"83":0,"84":0,"85":0,"86":0,"87":0,"88":0,"89":0,"90":0,"91":0,"92":0,"93":0,"94":0,"95":0,"96":0,"97":0,"98":0,"99":0,"100":1,"101":1,"102":0,"103":0,"104":0,"105":0,"106":0,"107":0,"108":0,"109":0,"110":0,"111":0,"112":0,"113":0,"114":0,"115":0,"116":0,"117":0,"118":0,"119":0,"120":0,"121":0,"122":0,"123":0,"124":0,"125":0,"126":0,"127":0,"128":0,"129":0,"130":0,"131":0,"132":0,"133":0,"134":0,"135":0,"136":0,"137":0,"138":0,"139":0,"140":0,"141":0,"142":0,"143":1,"144":1,"145":0,"146":0,"147":1,"148":1,"149":0,"150":0,"151":1,"152":1,"153":1,"154":0,"155":0,"156":0},"b":{"1":[1,1],"2":[1,1,1,1],"3":[1,1],"4":[1,0],"5":[1,0],"6":[0,0],"7":[0,0],"8":[0,0],"9":[0,0],"10":[0,0,0],"11":[0,0],"12":[0,0],"13":[0,0],"14":[0,0],"15":[0,0],"16":[0,0],"17":[0,0],"18":[0,0],"19":[0,0],"20":[0,0],"21":[0,0],"22":[0,0],"23":[0,0],"24":[0,0],"25":[0,0],"26":[0,0],"27":[0,0],"28":[0,0],"29":[0,0],"30":[0,0],"31":[0,0],"32":[0,0],"33":[0,0],"34":[0,0],"35":[0,0],"36":[0,0],"37":[0,0],"38":[0,0],"39":[0,0],"40":[0,0],"41":[0,0],"42":[0,0],"43":[0,0],"44":[0,0],"45":[0,1],"46":[1,0,0],"47":[1,0],"48":[1,1],"49":[1,0],"50":[0,0]},"f":{"1":1,"2":0,"3":0,"4":0,"5":0,"6":0,"7":0,"8":0,"9":0,"10":0,"11":0,"12":0,"13":0,"14":0,"15":0,"16":0,"17":0,"18":0,"19":0,"20":0},"fnMap":{"1":{"name":"(anonymous_1)","line":2,"loc":{"start":{"line":2,"column":2},"end":{"line":2,"column":17}}},"2":{"name":"(anonymous_2)","line":66,"loc":{"start":{"line":66,"column":11},"end":{"line":66,"column":42}}},"3":{"name":"(anonymous_3)","line":70,"loc":{"start":{"line":70,"column":16},"end":{"line":70,"column":39}}},"4":{"name":"(anonymous_4)","line":81,"loc":{"start":{"line":81,"column":13},"end":{"line":81,"column":41}}},"5":{"name":"(anonymous_5)","line":96,"loc":{"start":{"line":96,"column":25},"end":{"line":96,"column":53}}},"6":{"name":"(anonymous_6)","line":126,"loc":{"start":{"line":126,"column":17},"end":{"line":126,"column":37}}},"7":{"name":"(anonymous_7)","line":130,"loc":{"start":{"line":130,"column":17},"end":{"line":130,"column":37}}},"8":{"name":"(anonymous_8)","line":134,"loc":{"start":{"line":134,"column":18},"end":{"line":134,"column":36}}},"9":{"name":"(anonymous_9)","line":140,"loc":{"start":{"line":140,"column":14},"end":{"line":140,"column":40}}},"10":{"name":"(anonymous_10)","line":151,"loc":{"start":{"line":151,"column":24},"end":{"line":151,"column":41}}},"11":{"name":"(anonymous_11)","line":157,"loc":{"start":{"line":157,"column":48},"end":{"line":157,"column":65}}},"12":{"name":"(anonymous_12)","line":175,"loc":{"start":{"line":175,"column":49},"end":{"line":175,"column":66}}},"13":{"name":"(anonymous_13)","line":185,"loc":{"start":{"line":185,"column":41},"end":{"line":185,"column":58}}},"14":{"name":"(anonymous_14)","line":195,"loc":{"start":{"line":195,"column":48},"end":{"line":195,"column":65}}},"15":{"name":"(anonymous_15)","line":206,"loc":{"start":{"line":206,"column":32},"end":{"line":206,"column":45}}},"16":{"name":"(anonymous_16)","line":226,"loc":{"start":{"line":226,"column":14},"end":{"line":226,"column":38}}},"17":{"name":"(anonymous_17)","line":232,"loc":{"start":{"line":232,"column":35},"end":{"line":232,"column":76}}},"18":{"name":"(anonymous_18)","line":303,"loc":{"start":{"line":303,"column":14},"end":{"line":303,"column":31}}},"19":{"name":"(anonymous_19)","line":304,"loc":{"start":{"line":304,"column":37},"end":{"line":304,"column":50}}},"20":{"name":"(anonymous_20)","line":327,"loc":{"start":{"line":327,"column":9},"end":{"line":327,"column":20}}}},"statementMap":{"1":{"start":{"line":2,"column":1},"end":{"line":342,"column":9}},"2":{"start":{"line":5,"column":1},"end":{"line":5,"column":57}},"3":{"start":{"line":8,"column":1},"end":{"line":9,"column":42}},"4":{"start":{"line":13,"column":1},"end":{"line":13,"column":54}},"5":{"start":{"line":14,"column":1},"end":{"line":16,"column":2}},"6":{"start":{"line":15,"column":2},"end":{"line":15,"column":20}},"7":{"start":{"line":21,"column":1},"end":{"line":21,"column":60}},"8":{"start":{"line":25,"column":1},"end":{"line":25,"column":42}},"9":{"start":{"line":29,"column":1},"end":{"line":29,"column":88}},"10":{"start":{"line":31,"column":1},"end":{"line":31,"column":3181}},"11":{"start":{"line":32,"column":1},"end":{"line":32,"column":26739}},"12":{"start":{"line":34,"column":1},"end":{"line":34,"column":31}},"13":{"start":{"line":35,"column":1},"end":{"line":50,"column":3}},"14":{"start":{"line":52,"column":1},"end":{"line":52,"column":60}},"15":{"start":{"line":53,"column":1},"end":{"line":53,"column":277}},"16":{"start":{"line":54,"column":1},"end":{"line":54,"column":715}},"17":{"start":{"line":55,"column":1},"end":{"line":55,"column":40407}},"18":{"start":{"line":56,"column":1},"end":{"line":56,"column":1573}},"19":{"start":{"line":57,"column":1},"end":{"line":57,"column":444}},"20":{"start":{"line":58,"column":1},"end":{"line":58,"column":676}},"21":{"start":{"line":62,"column":1},"end":{"line":62,"column":46}},"22":{"start":{"line":64,"column":1},"end":{"line":64,"column":17}},"23":{"start":{"line":65,"column":1},"end":{"line":65,"column":44}},"24":{"start":{"line":66,"column":1},"end":{"line":68,"column":3}},"25":{"start":{"line":67,"column":2},"end":{"line":67,"column":51}},"26":{"start":{"line":70,"column":1},"end":{"line":79,"column":3}},"27":{"start":{"line":71,"column":2},"end":{"line":71,"column":17}},"28":{"start":{"line":72,"column":2},"end":{"line":72,"column":28}},"29":{"start":{"line":73,"column":2},"end":{"line":77,"column":3}},"30":{"start":{"line":74,"column":3},"end":{"line":76,"column":4}},"31":{"start":{"line":75,"column":4},"end":{"line":75,"column":16}},"32":{"start":{"line":78,"column":2},"end":{"line":78,"column":15}},"33":{"start":{"line":81,"column":1},"end":{"line":93,"column":3}},"34":{"start":{"line":82,"column":2},"end":{"line":84,"column":3}},"35":{"start":{"line":83,"column":3},"end":{"line":83,"column":19}},"36":{"start":{"line":85,"column":2},"end":{"line":85,"column":18}},"37":{"start":{"line":86,"column":2},"end":{"line":86,"column":10}},"38":{"start":{"line":87,"column":2},"end":{"line":91,"column":3}},"39":{"start":{"line":90,"column":3},"end":{"line":90,"column":66}},"40":{"start":{"line":92,"column":2},"end":{"line":92,"column":16}},"41":{"start":{"line":96,"column":1},"end":{"line":124,"column":3}},"42":{"start":{"line":97,"column":2},"end":{"line":97,"column":18}},"43":{"start":{"line":98,"column":2},"end":{"line":107,"column":3}},"44":{"start":{"line":103,"column":3},"end":{"line":105,"column":4}},"45":{"start":{"line":104,"column":4},"end":{"line":104,"column":76}},"46":{"start":{"line":106,"column":3},"end":{"line":106,"column":19}},"47":{"start":{"line":108,"column":2},"end":{"line":113,"column":3}},"48":{"start":{"line":109,"column":3},"end":{"line":111,"column":4}},"49":{"start":{"line":110,"column":4},"end":{"line":110,"column":49}},"50":{"start":{"line":112,"column":3},"end":{"line":112,"column":38}},"51":{"start":{"line":114,"column":2},"end":{"line":116,"column":3}},"52":{"start":{"line":115,"column":3},"end":{"line":115,"column":48}},"53":{"start":{"line":117,"column":2},"end":{"line":121,"column":3}},"54":{"start":{"line":118,"column":3},"end":{"line":118,"column":24}},"55":{"start":{"line":119,"column":3},"end":{"line":119,"column":67}},"56":{"start":{"line":120,"column":3},"end":{"line":120,"column":42}},"57":{"start":{"line":122,"column":2},"end":{"line":122,"column":42}},"58":{"start":{"line":123,"column":2},"end":{"line":123,"column":16}},"59":{"start":{"line":126,"column":1},"end":{"line":128,"column":3}},"60":{"start":{"line":127,"column":2},"end":{"line":127,"column":60}},"61":{"start":{"line":130,"column":1},"end":{"line":132,"column":3}},"62":{"start":{"line":131,"column":2},"end":{"line":131,"column":32}},"63":{"start":{"line":134,"column":1},"end":{"line":136,"column":3}},"64":{"start":{"line":135,"column":2},"end":{"line":135,"column":41}},"65":{"start":{"line":140,"column":1},"end":{"line":216,"column":3}},"66":{"start":{"line":141,"column":2},"end":{"line":141,"column":43}},"67":{"start":{"line":142,"column":2},"end":{"line":142,"column":30}},"68":{"start":{"line":143,"column":2},"end":{"line":145,"column":3}},"69":{"start":{"line":144,"column":3},"end":{"line":144,"column":38}},"70":{"start":{"line":146,"column":2},"end":{"line":146,"column":50}},"71":{"start":{"line":147,"column":2},"end":{"line":147,"column":54}},"72":{"start":{"line":148,"column":2},"end":{"line":148,"column":54}},"73":{"start":{"line":149,"column":2},"end":{"line":149,"column":64}},"74":{"start":{"line":151,"column":2},"end":{"line":153,"column":4}},"75":{"start":{"line":152,"column":3},"end":{"line":152,"column":48}},"76":{"start":{"line":155,"column":2},"end":{"line":203,"column":3}},"77":{"start":{"line":157,"column":3},"end":{"line":163,"column":6}},"78":{"start":{"line":159,"column":4},"end":{"line":161,"column":5}},"79":{"start":{"line":160,"column":5},"end":{"line":160,"column":42}},"80":{"start":{"line":162,"column":4},"end":{"line":162,"column":35}},"81":{"start":{"line":166,"column":3},"end":{"line":171,"column":4}},"82":{"start":{"line":167,"column":4},"end":{"line":170,"column":42}},"83":{"start":{"line":173,"column":3},"end":{"line":179,"column":4}},"84":{"start":{"line":175,"column":4},"end":{"line":178,"column":7}},"85":{"start":{"line":177,"column":5},"end":{"line":177,"column":42}},"86":{"start":{"line":181,"column":9},"end":{"line":203,"column":3}},"87":{"start":{"line":184,"column":3},"end":{"line":188,"column":4}},"88":{"start":{"line":185,"column":4},"end":{"line":187,"column":7}},"89":{"start":{"line":186,"column":5},"end":{"line":186,"column":42}},"90":{"start":{"line":191,"column":3},"end":{"line":193,"column":38}},"91":{"start":{"line":195,"column":3},"end":{"line":198,"column":6}},"92":{"start":{"line":197,"column":4},"end":{"line":197,"column":41}},"93":{"start":{"line":199,"column":9},"end":{"line":203,"column":3}},"94":{"start":{"line":202,"column":3},"end":{"line":202,"column":57}},"95":{"start":{"line":204,"column":2},"end":{"line":215,"column":48}},"96":{"start":{"line":208,"column":4},"end":{"line":208,"column":32}},"97":{"start":{"line":209,"column":4},"end":{"line":209,"column":31}},"98":{"start":{"line":210,"column":4},"end":{"line":210,"column":69}},"99":{"start":{"line":211,"column":4},"end":{"line":211,"column":38}},"100":{"start":{"line":218,"column":1},"end":{"line":224,"column":3}},"101":{"start":{"line":226,"column":1},"end":{"line":296,"column":3}},"102":{"start":{"line":227,"column":2},"end":{"line":227,"column":43}},"103":{"start":{"line":228,"column":2},"end":{"line":228,"column":30}},"104":{"start":{"line":229,"column":2},"end":{"line":231,"column":3}},"105":{"start":{"line":230,"column":3},"end":{"line":230,"column":47}},"106":{"start":{"line":232,"column":2},"end":{"line":295,"column":5}},"107":{"start":{"line":233,"column":3},"end":{"line":233,"column":17}},"108":{"start":{"line":234,"column":3},"end":{"line":234,"column":17}},"109":{"start":{"line":235,"column":3},"end":{"line":235,"column":17}},"110":{"start":{"line":236,"column":3},"end":{"line":236,"column":17}},"111":{"start":{"line":237,"column":3},"end":{"line":237,"column":17}},"112":{"start":{"line":238,"column":3},"end":{"line":238,"column":12}},"113":{"start":{"line":239,"column":3},"end":{"line":248,"column":4}},"114":{"start":{"line":241,"column":4},"end":{"line":241,"column":19}},"115":{"start":{"line":242,"column":4},"end":{"line":242,"column":19}},"116":{"start":{"line":243,"column":4},"end":{"line":245,"column":5}},"117":{"start":{"line":244,"column":5},"end":{"line":244,"column":73}},"118":{"start":{"line":246,"column":4},"end":{"line":246,"column":40}},"119":{"start":{"line":247,"column":4},"end":{"line":247,"column":48}},"120":{"start":{"line":249,"column":3},"end":{"line":258,"column":4}},"121":{"start":{"line":251,"column":4},"end":{"line":251,"column":19}},"122":{"start":{"line":252,"column":4},"end":{"line":252,"column":19}},"123":{"start":{"line":253,"column":4},"end":{"line":255,"column":5}},"124":{"start":{"line":254,"column":5},"end":{"line":254,"column":73}},"125":{"start":{"line":256,"column":4},"end":{"line":256,"column":40}},"126":{"start":{"line":257,"column":4},"end":{"line":257,"column":48}},"127":{"start":{"line":259,"column":3},"end":{"line":273,"column":4}},"128":{"start":{"line":261,"column":4},"end":{"line":261,"column":19}},"129":{"start":{"line":262,"column":4},"end":{"line":272,"column":5}},"130":{"start":{"line":263,"column":5},"end":{"line":263,"column":33}},"131":{"start":{"line":266,"column":5},"end":{"line":270,"column":6}},"132":{"start":{"line":267,"column":6},"end":{"line":269,"column":8}},"133":{"start":{"line":271,"column":5},"end":{"line":271,"column":15}},"134":{"start":{"line":279,"column":3},"end":{"line":279,"column":18}},"135":{"start":{"line":280,"column":3},"end":{"line":280,"column":13}},"136":{"start":{"line":281,"column":3},"end":{"line":294,"column":4}},"137":{"start":{"line":282,"column":4},"end":{"line":284,"column":5}},"138":{"start":{"line":283,"column":5},"end":{"line":283,"column":59}},"139":{"start":{"line":285,"column":4},"end":{"line":285,"column":14}},"140":{"start":{"line":287,"column":4},"end":{"line":291,"column":5}},"141":{"start":{"line":288,"column":5},"end":{"line":290,"column":7}},"142":{"start":{"line":293,"column":4},"end":{"line":293,"column":53}},"143":{"start":{"line":298,"column":1},"end":{"line":301,"column":3}},"144":{"start":{"line":303,"column":1},"end":{"line":308,"column":3}},"145":{"start":{"line":304,"column":2},"end":{"line":307,"column":5}},"146":{"start":{"line":306,"column":3},"end":{"line":306,"column":24}},"147":{"start":{"line":312,"column":1},"end":{"line":318,"column":3}},"148":{"start":{"line":322,"column":1},"end":{"line":340,"column":2}},"149":{"start":{"line":327,"column":2},"end":{"line":329,"column":5}},"150":{"start":{"line":328,"column":3},"end":{"line":328,"column":13}},"151":{"start":{"line":330,"column":8},"end":{"line":340,"column":2}},"152":{"start":{"line":331,"column":2},"end":{"line":337,"column":3}},"153":{"start":{"line":332,"column":3},"end":{"line":332,"column":27}},"154":{"start":{"line":334,"column":3},"end":{"line":336,"column":4}},"155":{"start":{"line":335,"column":4},"end":{"line":335,"column":49}},"156":{"start":{"line":339,"column":2},"end":{"line":339,"column":15}}},"branchMap":{"1":{"line":5,"type":"binary-expr","locations":[{"start":{"line":5,"column":19},"end":{"line":5,"column":45}},{"start":{"line":5,"column":49},"end":{"line":5,"column":56}}]},"2":{"line":8,"type":"binary-expr","locations":[{"start":{"line":8,"column":18},"end":{"line":8,"column":43}},{"start":{"line":8,"column":47},"end":{"line":8,"column":53}},{"start":{"line":9,"column":2},"end":{"line":9,"column":31}},{"start":{"line":9,"column":35},"end":{"line":9,"column":41}}]},"3":{"line":13,"type":"binary-expr","locations":[{"start":{"line":13,"column":18},"end":{"line":13,"column":43}},{"start":{"line":13,"column":47},"end":{"line":13,"column":53}}]},"4":{"line":14,"type":"if","locations":[{"start":{"line":14,"column":1},"end":{"line":14,"column":1}},{"start":{"line":14,"column":1},"end":{"line":14,"column":1}}]},"5":{"line":14,"type":"binary-expr","locations":[{"start":{"line":14,"column":5},"end":{"line":14,"column":37}},{"start":{"line":14,"column":41},"end":{"line":14,"column":73}}]},"6":{"line":74,"type":"if","locations":[{"start":{"line":74,"column":3},"end":{"line":74,"column":3}},{"start":{"line":74,"column":3},"end":{"line":74,"column":3}}]},"7":{"line":82,"type":"if","locations":[{"start":{"line":82,"column":2},"end":{"line":82,"column":2}},{"start":{"line":82,"column":2},"end":{"line":82,"column":2}}]},"8":{"line":90,"type":"cond-expr","locations":[{"start":{"line":90,"column":37},"end":{"line":90,"column":49}},{"start":{"line":90,"column":52},"end":{"line":90,"column":65}}]},"9":{"line":98,"type":"if","locations":[{"start":{"line":98,"column":2},"end":{"line":98,"column":2}},{"start":{"line":98,"column":2},"end":{"line":98,"column":2}}]},"10":{"line":98,"type":"binary-expr","locations":[{"start":{"line":98,"column":7},"end":{"line":98,"column":26}},{"start":{"line":98,"column":30},"end":{"line":98,"column":49}},{"start":{"line":98,"column":54},"end":{"line":98,"column":74}}]},"11":{"line":103,"type":"if","locations":[{"start":{"line":103,"column":3},"end":{"line":103,"column":3}},{"start":{"line":103,"column":3},"end":{"line":103,"column":3}}]},"12":{"line":108,"type":"if","locations":[{"start":{"line":108,"column":2},"end":{"line":108,"column":2}},{"start":{"line":108,"column":2},"end":{"line":108,"column":2}}]},"13":{"line":109,"type":"if","locations":[{"start":{"line":109,"column":3},"end":{"line":109,"column":3}},{"start":{"line":109,"column":3},"end":{"line":109,"column":3}}]},"14":{"line":114,"type":"if","locations":[{"start":{"line":114,"column":2},"end":{"line":114,"column":2}},{"start":{"line":114,"column":2},"end":{"line":114,"column":2}}]},"15":{"line":114,"type":"binary-expr","locations":[{"start":{"line":114,"column":6},"end":{"line":114,"column":12}},{"start":{"line":114,"column":16},"end":{"line":114,"column":63}}]},"16":{"line":117,"type":"if","locations":[{"start":{"line":117,"column":2},"end":{"line":117,"column":2}},{"start":{"line":117,"column":2},"end":{"line":117,"column":2}}]},"17":{"line":143,"type":"if","locations":[{"start":{"line":143,"column":2},"end":{"line":143,"column":2}},{"start":{"line":143,"column":2},"end":{"line":143,"column":2}}]},"18":{"line":143,"type":"binary-expr","locations":[{"start":{"line":143,"column":6},"end":{"line":143,"column":12}},{"start":{"line":143,"column":16},"end":{"line":143,"column":53}}]},"19":{"line":149,"type":"cond-expr","locations":[{"start":{"line":149,"column":42},"end":{"line":149,"column":51}},{"start":{"line":149,"column":54},"end":{"line":149,"column":63}}]},"20":{"line":155,"type":"if","locations":[{"start":{"line":155,"column":2},"end":{"line":155,"column":2}},{"start":{"line":155,"column":2},"end":{"line":155,"column":2}}]},"21":{"line":159,"type":"if","locations":[{"start":{"line":159,"column":4},"end":{"line":159,"column":4}},{"start":{"line":159,"column":4},"end":{"line":159,"column":4}}]},"22":{"line":159,"type":"binary-expr","locations":[{"start":{"line":159,"column":8},"end":{"line":159,"column":26}},{"start":{"line":159,"column":30},"end":{"line":159,"column":52}}]},"23":{"line":166,"type":"if","locations":[{"start":{"line":166,"column":3},"end":{"line":166,"column":3}},{"start":{"line":166,"column":3},"end":{"line":166,"column":3}}]},"24":{"line":173,"type":"if","locations":[{"start":{"line":173,"column":3},"end":{"line":173,"column":3}},{"start":{"line":173,"column":3},"end":{"line":173,"column":3}}]},"25":{"line":181,"type":"if","locations":[{"start":{"line":181,"column":9},"end":{"line":181,"column":9}},{"start":{"line":181,"column":9},"end":{"line":181,"column":9}}]},"26":{"line":184,"type":"if","locations":[{"start":{"line":184,"column":3},"end":{"line":184,"column":3}},{"start":{"line":184,"column":3},"end":{"line":184,"column":3}}]},"27":{"line":199,"type":"if","locations":[{"start":{"line":199,"column":9},"end":{"line":199,"column":9}},{"start":{"line":199,"column":9},"end":{"line":199,"column":9}}]},"28":{"line":229,"type":"if","locations":[{"start":{"line":229,"column":2},"end":{"line":229,"column":2}},{"start":{"line":229,"column":2},"end":{"line":229,"column":2}}]},"29":{"line":229,"type":"binary-expr","locations":[{"start":{"line":229,"column":6},"end":{"line":229,"column":12}},{"start":{"line":229,"column":16},"end":{"line":229,"column":45}}]},"30":{"line":239,"type":"if","locations":[{"start":{"line":239,"column":3},"end":{"line":239,"column":3}},{"start":{"line":239,"column":3},"end":{"line":239,"column":3}}]},"31":{"line":243,"type":"if","locations":[{"start":{"line":243,"column":4},"end":{"line":243,"column":4}},{"start":{"line":243,"column":4},"end":{"line":243,"column":4}}]},"32":{"line":243,"type":"binary-expr","locations":[{"start":{"line":243,"column":8},"end":{"line":243,"column":14}},{"start":{"line":243,"column":18},"end":{"line":243,"column":28}}]},"33":{"line":249,"type":"if","locations":[{"start":{"line":249,"column":3},"end":{"line":249,"column":3}},{"start":{"line":249,"column":3},"end":{"line":249,"column":3}}]},"34":{"line":253,"type":"if","locations":[{"start":{"line":253,"column":4},"end":{"line":253,"column":4}},{"start":{"line":253,"column":4},"end":{"line":253,"column":4}}]},"35":{"line":253,"type":"binary-expr","locations":[{"start":{"line":253,"column":8},"end":{"line":253,"column":14}},{"start":{"line":253,"column":18},"end":{"line":253,"column":28}}]},"36":{"line":259,"type":"if","locations":[{"start":{"line":259,"column":3},"end":{"line":259,"column":3}},{"start":{"line":259,"column":3},"end":{"line":259,"column":3}}]},"37":{"line":262,"type":"if","locations":[{"start":{"line":262,"column":4},"end":{"line":262,"column":4}},{"start":{"line":262,"column":4},"end":{"line":262,"column":4}}]},"38":{"line":266,"type":"if","locations":[{"start":{"line":266,"column":5},"end":{"line":266,"column":5}},{"start":{"line":266,"column":5},"end":{"line":266,"column":5}}]},"39":{"line":281,"type":"if","locations":[{"start":{"line":281,"column":3},"end":{"line":281,"column":3}},{"start":{"line":281,"column":3},"end":{"line":281,"column":3}}]},"40":{"line":281,"type":"binary-expr","locations":[{"start":{"line":281,"column":7},"end":{"line":281,"column":11}},{"start":{"line":281,"column":15},"end":{"line":281,"column":39}}]},"41":{"line":282,"type":"if","locations":[{"start":{"line":282,"column":4},"end":{"line":282,"column":4}},{"start":{"line":282,"column":4},"end":{"line":282,"column":4}}]},"42":{"line":282,"type":"binary-expr","locations":[{"start":{"line":282,"column":8},"end":{"line":282,"column":14}},{"start":{"line":282,"column":18},"end":{"line":282,"column":29}}]},"43":{"line":287,"type":"if","locations":[{"start":{"line":287,"column":4},"end":{"line":287,"column":4}},{"start":{"line":287,"column":4},"end":{"line":287,"column":4}}]},"44":{"line":293,"type":"binary-expr","locations":[{"start":{"line":293,"column":41},"end":{"line":293,"column":45}},{"start":{"line":293,"column":49},"end":{"line":293,"column":51}}]},"45":{"line":322,"type":"if","locations":[{"start":{"line":322,"column":1},"end":{"line":322,"column":1}},{"start":{"line":322,"column":1},"end":{"line":322,"column":1}}]},"46":{"line":323,"type":"binary-expr","locations":[{"start":{"line":323,"column":2},"end":{"line":323,"column":29}},{"start":{"line":324,"column":2},"end":{"line":324,"column":31}},{"start":{"line":325,"column":2},"end":{"line":325,"column":12}}]},"47":{"line":330,"type":"if","locations":[{"start":{"line":330,"column":8},"end":{"line":330,"column":8}},{"start":{"line":330,"column":8},"end":{"line":330,"column":8}}]},"48":{"line":330,"type":"binary-expr","locations":[{"start":{"line":330,"column":12},"end":{"line":330,"column":23}},{"start":{"line":330,"column":27},"end":{"line":330,"column":48}}]},"49":{"line":331,"type":"if","locations":[{"start":{"line":331,"column":2},"end":{"line":331,"column":2}},{"start":{"line":331,"column":2},"end":{"line":331,"column":2}}]},"50":{"line":335,"type":"binary-expr","locations":[{"start":{"line":335,"column":4},"end":{"line":335,"column":16}},{"start":{"line":335,"column":21},"end":{"line":335,"column":47}}]}},"code":["/*! https://mths.be/he v1.1.1 by @mathias | MIT license */",";(function(root) {","","\t// Detect free variables `exports`.","\tvar freeExports = typeof exports == 'object' && exports;","","\t// Detect free variable `module`.","\tvar freeModule = typeof module == 'object' && module &&","\t\tmodule.exports == freeExports && module;","","\t// Detect free variable `global`, from Node.js or Browserified code,","\t// and use it as `root`.","\tvar freeGlobal = typeof global == 'object' && global;","\tif (freeGlobal.global === freeGlobal || freeGlobal.window === freeGlobal) {","\t\troot = freeGlobal;","\t}","","\t/*--------------------------------------------------------------------------*/","","\t// All astral symbols.","\tvar regexAstralSymbols = /[\\uD800-\\uDBFF][\\uDC00-\\uDFFF]/g;","\t// All ASCII symbols (not just printable ASCII) except those listed in the","\t// first column of the overrides table.","\t// https://html.spec.whatwg.org/multipage/syntax.html#table-charref-overrides","\tvar regexAsciiWhitelist = /[\\x01-\\x7F]/g;","\t// All BMP symbols that are not ASCII newlines, printable ASCII symbols, or","\t// code points listed in the first column of the overrides table on","\t// https://html.spec.whatwg.org/multipage/syntax.html#table-charref-overrides.","\tvar regexBmpWhitelist = /[\\x01-\\t\\x0B\\f\\x0E-\\x1F\\x7F\\x81\\x8D\\x8F\\x90\\x9D\\xA0-\\uFFFF]/g;","","\tvar regexEncodeNonAscii = /<\\u20D2|=\\u20E5|>\\u20D2|\\u205F\\u200A|\\u219D\\u0338|\\u2202\\u0338|\\u2220\\u20D2|\\u2229\\uFE00|\\u222A\\uFE00|\\u223C\\u20D2|\\u223D\\u0331|\\u223E\\u0333|\\u2242\\u0338|\\u224B\\u0338|\\u224D\\u20D2|\\u224E\\u0338|\\u224F\\u0338|\\u2250\\u0338|\\u2261\\u20E5|\\u2264\\u20D2|\\u2265\\u20D2|\\u2266\\u0338|\\u2267\\u0338|\\u2268\\uFE00|\\u2269\\uFE00|\\u226A\\u0338|\\u226A\\u20D2|\\u226B\\u0338|\\u226B\\u20D2|\\u227F\\u0338|\\u2282\\u20D2|\\u2283\\u20D2|\\u228A\\uFE00|\\u228B\\uFE00|\\u228F\\u0338|\\u2290\\u0338|\\u2293\\uFE00|\\u2294\\uFE00|\\u22B4\\u20D2|\\u22B5\\u20D2|\\u22D8\\u0338|\\u22D9\\u0338|\\u22DA\\uFE00|\\u22DB\\uFE00|\\u22F5\\u0338|\\u22F9\\u0338|\\u2933\\u0338|\\u29CF\\u0338|\\u29D0\\u0338|\\u2A6D\\u0338|\\u2A70\\u0338|\\u2A7D\\u0338|\\u2A7E\\u0338|\\u2AA1\\u0338|\\u2AA2\\u0338|\\u2AAC\\uFE00|\\u2AAD\\uFE00|\\u2AAF\\u0338|\\u2AB0\\u0338|\\u2AC5\\u0338|\\u2AC6\\u0338|\\u2ACB\\uFE00|\\u2ACC\\uFE00|\\u2AFD\\u20E5|[\\xA0-\\u0113\\u0116-\\u0122\\u0124-\\u012B\\u012E-\\u014D\\u0150-\\u017E\\u0192\\u01B5\\u01F5\\u0237\\u02C6\\u02C7\\u02D8-\\u02DD\\u0311\\u0391-\\u03A1\\u03A3-\\u03A9\\u03B1-\\u03C9\\u03D1\\u03D2\\u03D5\\u03D6\\u03DC\\u03DD\\u03F0\\u03F1\\u03F5\\u03F6\\u0401-\\u040C\\u040E-\\u044F\\u0451-\\u045C\\u045E\\u045F\\u2002-\\u2005\\u2007-\\u2010\\u2013-\\u2016\\u2018-\\u201A\\u201C-\\u201E\\u2020-\\u2022\\u2025\\u2026\\u2030-\\u2035\\u2039\\u203A\\u203E\\u2041\\u2043\\u2044\\u204F\\u2057\\u205F-\\u2063\\u20AC\\u20DB\\u20DC\\u2102\\u2105\\u210A-\\u2113\\u2115-\\u211E\\u2122\\u2124\\u2127-\\u2129\\u212C\\u212D\\u212F-\\u2131\\u2133-\\u2138\\u2145-\\u2148\\u2153-\\u215E\\u2190-\\u219B\\u219D-\\u21A7\\u21A9-\\u21AE\\u21B0-\\u21B3\\u21B5-\\u21B7\\u21BA-\\u21DB\\u21DD\\u21E4\\u21E5\\u21F5\\u21FD-\\u2205\\u2207-\\u2209\\u220B\\u220C\\u220F-\\u2214\\u2216-\\u2218\\u221A\\u221D-\\u2238\\u223A-\\u2257\\u2259\\u225A\\u225C\\u225F-\\u2262\\u2264-\\u228B\\u228D-\\u229B\\u229D-\\u22A5\\u22A7-\\u22B0\\u22B2-\\u22BB\\u22BD-\\u22DB\\u22DE-\\u22E3\\u22E6-\\u22F7\\u22F9-\\u22FE\\u2305\\u2306\\u2308-\\u2310\\u2312\\u2313\\u2315\\u2316\\u231C-\\u231F\\u2322\\u2323\\u232D\\u232E\\u2336\\u233D\\u233F\\u237C\\u23B0\\u23B1\\u23B4-\\u23B6\\u23DC-\\u23DF\\u23E2\\u23E7\\u2423\\u24C8\\u2500\\u2502\\u250C\\u2510\\u2514\\u2518\\u251C\\u2524\\u252C\\u2534\\u253C\\u2550-\\u256C\\u2580\\u2584\\u2588\\u2591-\\u2593\\u25A1\\u25AA\\u25AB\\u25AD\\u25AE\\u25B1\\u25B3-\\u25B5\\u25B8\\u25B9\\u25BD-\\u25BF\\u25C2\\u25C3\\u25CA\\u25CB\\u25EC\\u25EF\\u25F8-\\u25FC\\u2605\\u2606\\u260E\\u2640\\u2642\\u2660\\u2663\\u2665\\u2666\\u266A\\u266D-\\u266F\\u2713\\u2717\\u2720\\u2736\\u2758\\u2772\\u2773\\u27C8\\u27C9\\u27E6-\\u27ED\\u27F5-\\u27FA\\u27FC\\u27FF\\u2902-\\u2905\\u290C-\\u2913\\u2916\\u2919-\\u2920\\u2923-\\u292A\\u2933\\u2935-\\u2939\\u293C\\u293D\\u2945\\u2948-\\u294B\\u294E-\\u2976\\u2978\\u2979\\u297B-\\u297F\\u2985\\u2986\\u298B-\\u2996\\u299A\\u299C\\u299D\\u29A4-\\u29B7\\u29B9\\u29BB\\u29BC\\u29BE-\\u29C5\\u29C9\\u29CD-\\u29D0\\u29DC-\\u29DE\\u29E3-\\u29E5\\u29EB\\u29F4\\u29F6\\u2A00-\\u2A02\\u2A04\\u2A06\\u2A0C\\u2A0D\\u2A10-\\u2A17\\u2A22-\\u2A27\\u2A29\\u2A2A\\u2A2D-\\u2A31\\u2A33-\\u2A3C\\u2A3F\\u2A40\\u2A42-\\u2A4D\\u2A50\\u2A53-\\u2A58\\u2A5A-\\u2A5D\\u2A5F\\u2A66\\u2A6A\\u2A6D-\\u2A75\\u2A77-\\u2A9A\\u2A9D-\\u2AA2\\u2AA4-\\u2AB0\\u2AB3-\\u2AC8\\u2ACB\\u2ACC\\u2ACF-\\u2ADB\\u2AE4\\u2AE6-\\u2AE9\\u2AEB-\\u2AF3\\u2AFD\\uFB00-\\uFB04]|\\uD835[\\uDC9C\\uDC9E\\uDC9F\\uDCA2\\uDCA5\\uDCA6\\uDCA9-\\uDCAC\\uDCAE-\\uDCB9\\uDCBB\\uDCBD-\\uDCC3\\uDCC5-\\uDCCF\\uDD04\\uDD05\\uDD07-\\uDD0A\\uDD0D-\\uDD14\\uDD16-\\uDD1C\\uDD1E-\\uDD39\\uDD3B-\\uDD3E\\uDD40-\\uDD44\\uDD46\\uDD4A-\\uDD50\\uDD52-\\uDD6B]/g;","\tvar encodeMap = {'\\xAD':'shy','\\u200C':'zwnj','\\u200D':'zwj','\\u200E':'lrm','\\u2063':'ic','\\u2062':'it','\\u2061':'af','\\u200F':'rlm','\\u200B':'ZeroWidthSpace','\\u2060':'NoBreak','\\u0311':'DownBreve','\\u20DB':'tdot','\\u20DC':'DotDot','\\t':'Tab','\\n':'NewLine','\\u2008':'puncsp','\\u205F':'MediumSpace','\\u2009':'thinsp','\\u200A':'hairsp','\\u2004':'emsp13','\\u2002':'ensp','\\u2005':'emsp14','\\u2003':'emsp','\\u2007':'numsp','\\xA0':'nbsp','\\u205F\\u200A':'ThickSpace','\\u203E':'oline','_':'lowbar','\\u2010':'dash','\\u2013':'ndash','\\u2014':'mdash','\\u2015':'horbar',',':'comma',';':'semi','\\u204F':'bsemi',':':'colon','\\u2A74':'Colone','!':'excl','\\xA1':'iexcl','?':'quest','\\xBF':'iquest','.':'period','\\u2025':'nldr','\\u2026':'mldr','\\xB7':'middot','\\'':'apos','\\u2018':'lsquo','\\u2019':'rsquo','\\u201A':'sbquo','\\u2039':'lsaquo','\\u203A':'rsaquo','\"':'quot','\\u201C':'ldquo','\\u201D':'rdquo','\\u201E':'bdquo','\\xAB':'laquo','\\xBB':'raquo','(':'lpar',')':'rpar','[':'lsqb',']':'rsqb','{':'lcub','}':'rcub','\\u2308':'lceil','\\u2309':'rceil','\\u230A':'lfloor','\\u230B':'rfloor','\\u2985':'lopar','\\u2986':'ropar','\\u298B':'lbrke','\\u298C':'rbrke','\\u298D':'lbrkslu','\\u298E':'rbrksld','\\u298F':'lbrksld','\\u2990':'rbrkslu','\\u2991':'langd','\\u2992':'rangd','\\u2993':'lparlt','\\u2994':'rpargt','\\u2995':'gtlPar','\\u2996':'ltrPar','\\u27E6':'lobrk','\\u27E7':'robrk','\\u27E8':'lang','\\u27E9':'rang','\\u27EA':'Lang','\\u27EB':'Rang','\\u27EC':'loang','\\u27ED':'roang','\\u2772':'lbbrk','\\u2773':'rbbrk','\\u2016':'Vert','\\xA7':'sect','\\xB6':'para','@':'commat','*':'ast','/':'sol','undefined':null,'&':'amp','#':'num','%':'percnt','\\u2030':'permil','\\u2031':'pertenk','\\u2020':'dagger','\\u2021':'Dagger','\\u2022':'bull','
[...]
'\\u2234','theta':'\\u03B8','Theta':'\\u0398','thetasym':'\\u03D1','thetav':'\\u03D1','thickapprox':'\\u2248','thicksim':'\\u223C','ThickSpace':'\\u205F\\u200A','thinsp':'\\u2009','ThinSpace':'\\u2009','thkap':'\\u2248','thksim':'\\u223C','thorn':'\\xFE','THORN':'\\xDE','tilde':'\\u02DC','Tilde':'\\u223C','TildeEqual':'\\u2243','TildeFullEqual':'\\u2245','TildeTilde':'\\u2248','times':'\\xD7','timesb':'\\u22A0','timesbar':'\\u2A31','timesd':'\\u2A30','tint':'\\u222D','toea':'\\u2928','top':'\\u22A4','topbot':'\\u2336','topcir':'\\u2AF1','topf':'\\uD835\\uDD65','Topf':'\\uD835\\uDD4B','topfork':'\\u2ADA','tosa':'\\u2929','tprime':'\\u2034','trade':'\\u2122','TRADE':'\\u2122','triangle':'\\u25B5','triangledown':'\\u25BF','triangleleft':'\\u25C3','trianglelefteq':'\\u22B4','triangleq':'\\u225C','triangleright':'\\u25B9','trianglerighteq':'\\u22B5','tridot':'\\u25EC','trie':'\\u225C','triminus':'\\u2A3A','TripleDot':'\\u20DB','triplus':'\\u2A39','trisb':'\\u29CD','tritime':'\\u2A3B','trpezium':'\\u23E2','tscr':'\\uD835\\uDCC9','Tscr':'\\uD835\\uDCAF','tscy':'\\u0446','TScy':'\\u0426','tshcy':'\\u045B','TSHcy':'\\u040B','tstrok':'\\u0167','Tstrok':'\\u0166','twixt':'\\u226C','twoheadleftarrow':'\\u219E','twoheadrightarrow':'\\u21A0','uacute':'\\xFA','Uacute':'\\xDA','uarr':'\\u2191','uArr':'\\u21D1','Uarr':'\\u219F','Uarrocir':'\\u2949','ubrcy':'\\u045E','Ubrcy':'\\u040E','ubreve':'\\u016D','Ubreve':'\\u016C','ucirc':'\\xFB','Ucirc':'\\xDB','ucy':'\\u0443','Ucy':'\\u0423','udarr':'\\u21C5','udblac':'\\u0171','Udblac':'\\u0170','udhar':'\\u296E','ufisht':'\\u297E','ufr':'\\uD835\\uDD32','Ufr':'\\uD835\\uDD18','ugrave':'\\xF9','Ugrave':'\\xD9','uHar':'\\u2963','uharl':'\\u21BF','uharr':'\\u21BE','uhblk':'\\u2580','ulcorn':'\\u231C','ulcorner':'\\u231C','ulcrop':'\\u230F','ultri':'\\u25F8','umacr':'\\u016B','Umacr':'\\u016A','uml':'\\xA8','UnderBar':'_','UnderBrace':'\\u23DF','UnderBracket':'\\u23B5','UnderParenthesis':'\\u23DD','Union':'\\u22C3','UnionPlus':'\\u228E','uogon':'\\u0173','Uogon':'\\u0172','uopf':'\\uD835\\uDD66','Uopf':'\\uD835\\uDD4C','uparrow':'\\u2191','Uparrow':'\\u21D1','UpArrow':'\\u2191','UpArrowBar':'\\u2912','UpArrowDownArrow':'\\u21C5','updownarrow':'\\u2195','Updownarrow':'\\u21D5','UpDownArrow':'\\u2195','UpEquilibrium':'\\u296E','upharpoonleft':'\\u21BF','upharpoonright':'\\u21BE','uplus':'\\u228E','UpperLeftArrow':'\\u2196','UpperRightArrow':'\\u2197','upsi':'\\u03C5','Upsi':'\\u03D2','upsih':'\\u03D2','upsilon':'\\u03C5','Upsilon':'\\u03A5','UpTee':'\\u22A5','UpTeeArrow':'\\u21A5','upuparrows':'\\u21C8','urcorn':'\\u231D','urcorner':'\\u231D','urcrop':'\\u230E','uring':'\\u016F','Uring':'\\u016E','urtri':'\\u25F9','uscr':'\\uD835\\uDCCA','Uscr':'\\uD835\\uDCB0','utdot':'\\u22F0','utilde':'\\u0169','Utilde':'\\u0168','utri':'\\u25B5','utrif':'\\u25B4','uuarr':'\\u21C8','uuml':'\\xFC','Uuml':'\\xDC','uwangle':'\\u29A7','vangrt':'\\u299C','varepsilon':'\\u03F5','varkappa':'\\u03F0','varnothing':'\\u2205','varphi':'\\u03D5','varpi':'\\u03D6','varpropto':'\\u221D','varr':'\\u2195','vArr':'\\u21D5','varrho':'\\u03F1','varsigma':'\\u03C2','varsubsetneq':'\\u228A\\uFE00','varsubsetneqq':'\\u2ACB\\uFE00','varsupsetneq':'\\u228B\\uFE00','varsupsetneqq':'\\u2ACC\\uFE00','vartheta':'\\u03D1','vartriangleleft':'\\u22B2','vartriangleright':'\\u22B3','vBar':'\\u2AE8','Vbar':'\\u2AEB','vBarv':'\\u2AE9','vcy':'\\u0432','Vcy':'\\u0412','vdash':'\\u22A2','vDash':'\\u22A8','Vdash':'\\u22A9','VDash':'\\u22AB','Vdashl':'\\u2AE6','vee':'\\u2228','Vee':'\\u22C1','veebar':'\\u22BB','veeeq':'\\u225A','vellip':'\\u22EE','verbar':'|','Verbar':'\\u2016','vert':'|','Vert':'\\u2016','VerticalBar':'\\u2223','VerticalLine':'|','VerticalSeparator':'\\u2758','VerticalTilde':'\\u2240','VeryThinSpace':'\\u200A','vfr':'\\uD835\\uDD33','Vfr':'\\uD835\\uDD19','vltri':'\\u22B2','vnsub':'\\u2282\\u20D2','vnsup':'\\u2283\\u20D2','vopf':'\\uD835\\uDD67','Vopf':'\\uD835\\uDD4D','vprop':'\\u221D','vrtri':'\\u22B3','vscr':'\\uD835\\uDCCB','Vscr':'\\uD835\\uDCB1','vsubne':'\\u228A\\uFE00','vsubnE':'\\u2ACB\\uFE00','vsupne':'\\u228B\\uFE00','vsupnE':'\\u2ACC\\uFE00','Vvdash':'\\u22AA','vzigzag':'\\u299A','wcirc':'\\u0175','Wcirc':'\\u0174','wedbar':'\\u2A5F','wedge':'\\u2227','Wedge':'\\u22C0','wedgeq':'\\u2259','weierp':'\\u2118','wfr':'\\uD835\\uDD34','Wfr':'\\uD835\\uDD1A','wopf':'\\uD835\\uDD68','Wopf':'\\uD835\\uDD4E','wp':'\\u2118','wr':'\\u2240','wreath':'\\u2240','wscr':'\\uD835\\uDCCC','Wscr':'\\uD835\\uDCB2','xcap':'\\u22C2','xcirc':'\\u25EF','xcup':'\\u22C3','xdtri':'\\u25BD','xfr':'\\uD835\\uDD35','Xfr':'\\uD835\\uDD1B','xharr':'\\u27F7','xhArr':'\\u27FA','xi':'\\u03BE','Xi':'\\u039E','xlarr':'\\u27F5','xlArr':'\\u27F8','xmap':'\\u27FC','xnis':'\\u22FB','xodot':'\\u2A00','xopf':'\\uD835\\uDD69','Xopf':'\\uD835\\uDD4F','xoplus':'\\u2A01','xotime':'\\u2A02','xrarr':'\\u27F6','xrArr':'\\u27F9','xscr':'\\uD835\\uDCCD','Xscr':'\\uD835\\uDCB3','xsqcup':'\\u2A06','xuplus':'\\u2A04','xutri':'\\u25B3','xvee':'\\u22C1','xwedge':'\\u22C0','yacute':'\\xFD','Yacute':'\\xDD','yacy':'\\u044F','YAcy':'\\u042F','ycirc':'\\u0177','Ycirc':'\\u0176','ycy':'\\u044B','Ycy':'\\u042B','yen':'\\xA5','yfr':'\\uD835\\uDD36','Yfr':'\\uD835\\uDD1C','yicy':'\\u0457','YIcy':'\\u0407','yopf':'\\uD835\\uDD6A','Yopf':'\\uD835\\uDD50','yscr':'\\uD835\\uDCCE','Yscr':'\\uD835\\uDCB4','yucy':'\\u044E','YUcy':'\\u042E','yuml':'\\xFF','Yuml':'\\u0178','zacute':'\\u017A','Zacute':'\\u0179','zcaron':'\\u017E','Zcaron':'\\u017D','zcy':'\\u0437','Zcy':'\\u0417','zdot':'\\u017C','Zdot':'\\u017B','zeetrf':'\\u2128','ZeroWidthSpace':'\\u200B','zeta':'\\u03B6','Zeta':'\\u0396','zfr':'\\uD835\\uDD37','Zfr':'\\u2128','zhcy':'\\u0436','ZHcy':'\\u0416','zigrarr':'\\u21DD','zopf':'\\uD835\\uDD6B','Zopf':'\\u2124','zscr':'\\uD835\\uDCCF','Zscr':'\\uD835\\uDCB5','zwj':'\\u200D','zwnj':'\\u200C'};","\tvar decodeMapLegacy = {'aacute':'\\xE1','Aacute':'\\xC1','acirc':'\\xE2','Acirc':'\\xC2','acute':'\\xB4','aelig':'\\xE6','AElig':'\\xC6','agrave':'\\xE0','Agrave':'\\xC0','amp':'&','AMP':'&','aring':'\\xE5','Aring':'\\xC5','atilde':'\\xE3','Atilde':'\\xC3','auml':'\\xE4','Auml':'\\xC4','brvbar':'\\xA6','ccedil':'\\xE7','Ccedil':'\\xC7','cedil':'\\xB8','cent':'\\xA2','copy':'\\xA9','COPY':'\\xA9','curren':'\\xA4','deg':'\\xB0','divide':'\\xF7','eacute':'\\xE9','Eacute':'\\xC9','ecirc':'\\xEA','Ecirc':'\\xCA','egrave':'\\xE8','Egrave':'\\xC8','eth':'\\xF0','ETH':'\\xD0','euml':'\\xEB','Euml':'\\xCB','frac12':'\\xBD','frac14':'\\xBC','frac34':'\\xBE','gt':'>','GT':'>','iacute':'\\xED','Iacute':'\\xCD','icirc':'\\xEE','Icirc':'\\xCE','iexcl':'\\xA1','igrave':'\\xEC','Igrave':'\\xCC','iquest':'\\xBF','iuml':'\\xEF','Iuml':'\\xCF','laquo':'\\xAB','lt':'<','LT':'<','macr':'\\xAF','micro':'\\xB5','middot':'\\xB7','nbsp':'\\xA0','not':'\\xAC','ntilde':'\\xF1','Ntilde':'\\xD1','oacute':'\\xF3','Oacute':'\\xD3','ocirc':'\\xF4','Ocirc':'\\xD4','ograve':'\\xF2','Ograve':'\\xD2','ordf':'\\xAA','ordm':'\\xBA','oslash':'\\xF8','Oslash':'\\xD8','otilde':'\\xF5','Otilde':'\\xD5','ouml':'\\xF6','Ouml':'\\xD6','para':'\\xB6','plusmn':'\\xB1','pound':'\\xA3','quot':'\"','QUOT':'\"','raquo':'\\xBB','reg':'\\xAE','REG':'\\xAE','sect':'\\xA7','shy':'\\xAD','sup1':'\\xB9','sup2':'\\xB2','sup3':'\\xB3','szlig':'\\xDF','thorn':'\\xFE','THORN':'\\xDE','times':'\\xD7','uacute':'\\xFA','Uacute':'\\xDA','ucirc':'\\xFB','Ucirc':'\\xDB','ugrave':'\\xF9','Ugrave':'\\xD9','uml':'\\xA8','uuml':'\\xFC','Uuml':'\\xDC','yacute':'\\xFD','Yacute':'\\xDD','yen':'\\xA5','yuml':'\\xFF'};","\tvar decodeMapNumeric = {'0':'\\uFFFD','128':'\\u20AC','130':'\\u201A','131':'\\u0192','132':'\\u201E','133':'\\u2026','134':'\\u2020','135':'\\u2021','136':'\\u02C6','137':'\\u2030','138':'\\u0160','139':'\\u2039','140':'\\u0152','142':'\\u017D','145':'\\u2018','146':'\\u2019','147':'\\u201C','148':'\\u201D','149':'\\u2022','150':'\\u2013','151':'\\u2014','152':'\\u02DC','153':'\\u2122','154':'\\u0161','155':'\\u203A','156':'\\u0153','158':'\\u017E','159':'\\u0178'};","\tvar invalidReferenceCodePoints = [1,2,3,4,5,6,7,8,11,13,14,15,16,17,18,19,20,21,22,23,24,25,26,27,28,29,30,31,127,128,129,130,131,132,133,134,135,136,137,138,139,140,141,142,143,144,145,146,147,148,149,150,151,152,153,154,155,156,157,158,159,64976,64977,64978,64979,64980,64981,64982,64983,64984,64985,64986,64987,64988,64989,64990,64991,64992,64993,64994,64995,64996,64997,64998,64999,65000,65001,65002,65003,65004,65005,65006,65007,65534,65535,131070,131071,196606,196607,262142,262143,327678,327679,393214,393215,458750,458751,524286,524287,589822,589823,655358,655359,720894,720895,786430,786431,851966,851967,917502,917503,983038,983039,1048574,1048575,1114110,1114111];","","\t/*--------------------------------------------------------------------------*/","","\tvar stringFromCharCode = String.fromCharCode;","","\tvar object = {};","\tvar hasOwnProperty = object.hasOwnProperty;","\tvar has = function(object, propertyName) {","\t\treturn hasOwnProperty.call(object, propertyName);","\t};","","\tvar contains = function(array, value) {","\t\tvar index = -1;","\t\tvar length = array.length;","\t\twhile (++index < length) {","\t\t\tif (array[index] == value) {","\t\t\t\treturn true;","\t\t\t}","\t\t}","\t\treturn false;","\t};","","\tvar merge = function(options, defaults) {","\t\tif (!options) {","\t\t\treturn defaults;","\t\t}","\t\tvar result = {};","\t\tvar key;","\t\tfor (key in defaults) {","\t\t\t// A `hasOwnProperty` check is not needed here, since only recognized","\t\t\t// option names are used anyway. Any others are ignored.","\t\t\tresult[key] = has(options, key) ? options[key] : defaults[key];","\t\t}","\t\treturn result;","\t};","","\t// Modified version of `ucs2encode`; see https://mths.be/punycode.","\tvar codePointToSymbol = function(codePoint, strict) {","\t\tvar output = '';","\t\tif ((codePoint >= 0xD800 && codePoint <= 0xDFFF) || codePoint > 0x10FFFF) {","\t\t\t// See issue #4:","\t\t\t// “Otherwise, if the number is in the range 0xD800 to 0xDFFF or is","\t\t\t// greater than 0x10FFFF, then this is a parse error. Return a U+FFFD","\t\t\t// REPLACEMENT CHARACTER.”","\t\t\tif (strict) {","\t\t\t\tparseError('character reference outside the permissible Unicode range');","\t\t\t}","\t\t\treturn '\\uFFFD';","\t\t}","\t\tif (has(decodeMapNumeric, codePoint)) {","\t\t\tif (strict) {","\t\t\t\tparseError('disallowed character reference');","\t\t\t}","\t\t\treturn decodeMapNumeric[codePoint];","\t\t}","\t\tif (strict && contains(invalidReferenceCodePoints, codePoint)) {","\t\t\tparseError('disallowed character reference');","\t\t}","\t\tif (codePoint > 0xFFFF) {","\t\t\tcodePoint -= 0x10000;","\t\t\toutput += stringFromCharCode(codePoint >>> 10 & 0x3FF | 0xD800);","\t\t\tcodePoint = 0xDC00 | codePoint & 0x3FF;","\t\t}","\t\toutput += stringFromCharCode(codePoint);","\t\treturn output;","\t};","","\tvar hexEscape = function(codePoint) {","\t\treturn '&#x' + codePoint.toString(16).toUpperCase() + ';';","\t};","","\tvar decEscape = function(codePoint) {","\t\treturn '&#' + codePoint + ';';","\t};","","\tvar parseError = function(message) {","\t\tthrow Error('Parse error: ' + message);","\t};","","\t/*--------------------------------------------------------------------------*/","","\tvar encode = function(string, options) {","\t\toptions = merge(options, encode.options);","\t\tvar strict = options.strict;","\t\tif (strict && regexInvalidRawCodePoint.test(string)) {","\t\t\tparseError('forbidden code point');","\t\t}","\t\tvar encodeEverything = options.encodeEverything;","\t\tvar useNamedReferences = options.useNamedReferences;","\t\tvar allowUnsafeSymbols = options.allowUnsafeSymbols;","\t\tvar escapeCodePoint = options.decimal ? decEscape : hexEscape;","","\t\tvar escapeBmpSymbol = function(symbol) {","\t\t\treturn escapeCodePoint(symbol.charCodeAt(0));","\t\t};","","\t\tif (encodeEverything) {","\t\t\t// Encode ASCII symbols.","\t\t\tstring = string.replace(regexAsciiWhitelist, function(symbol) {","\t\t\t\t// Use named references if requested & possible.","\t\t\t\tif (useNamedReferences && has(encodeMap, symbol)) {","\t\t\t\t\treturn '&' + encodeMap[symbol] + ';';","\t\t\t\t}","\t\t\t\treturn escapeBmpSymbol(symbol);","\t\t\t});","\t\t\t// Shorten a few escapes that represent two symbols, of which at least one","\t\t\t// is within the ASCII range.","\t\t\tif (useNamedReferences) {","\t\t\t\tstring = string","\t\t\t\t\t.replace(/&gt;\\u20D2/g, '&nvgt;')","\t\t\t\t\t.replace(/&lt;\\u20D2/g, '&nvlt;')","\t\t\t\t\t.replace(/&#x66;&#x6A;/g, '&fjlig;');","\t\t\t}","\t\t\t// Encode non-ASCII symbols.","\t\t\tif (useNamedReferences) {","\t\t\t\t// Encode non-ASCII symbols that can be replaced with a named reference.","\t\t\t\tstring = string.replace(regexEncodeNonAscii, function(string) {","\t\t\t\t\t// Note: there is no need to check `has(encodeMap, string)` here.","\t\t\t\t\treturn '&' + encodeMap[string] + ';';","\t\t\t\t});","\t\t\t}","\t\t\t// Note: any remaining non-ASCII symbols are handled outside of the `if`.","\t\t} else if (useNamedReferences) {","\t\t\t// Apply named character references.","\t\t\t// Encode `<>\"'&` using named character references.","\t\t\tif (!allowUnsafeSymbols) {","\t\t\t\tstring = string.replace(regexEscape, function(string) {","\t\t\t\t\treturn '&' + encodeMap[string] + ';'; // no need to check `has()` here","\t\t\t\t});","\t\t\t}","\t\t\t// Shorten escapes that represent two symbols, of which at least one is","\t\t\t// `<>\"'&`.","\t\t\tstring = string","\t\t\t\t.replace(/&gt;\\u20D2/g, '&nvgt;')","\t\t\t\t.replace(/&lt;\\u20D2/g, '&nvlt;');","\t\t\t// Encode non-ASCII symbols that can be replaced with a named reference.","\t\t\tstring = string.replace(regexEncodeNonAscii, function(string) {","\t\t\t\t// Note: there is no need to check `has(encodeMap, string)` here.","\t\t\t\treturn '&' + encodeMap[string] + ';';","\t\t\t});","\t\t} else if (!allowUnsafeSymbols) {","\t\t\t// Encode `<>\"'&` using hexadecimal escapes, now that they’re not handled","\t\t\t// using named character references.","\t\t\tstring = string.replace(regexEscape, escapeBmpSymbol);","\t\t}","\t\treturn string","\t\t\t// Encode astral symbols.","\t\t\t.replace(regexAstralSymbols, function($0) {","\t\t\t\t// https://mathiasbynens.be/notes/javascript-encoding#surrogate-formulae","\t\t\t\tvar high = $0.charCodeAt(0);","\t\t\t\tvar low = $0.charCodeAt(1);","\t\t\t\tvar codePoint = (high - 0xD800) * 0x400 + low - 0xDC00 + 0x10000;","\t\t\t\treturn escapeCodePoint(codePoint);","\t\t\t})","\t\t\t// Encode any remaining BMP symbols that are not printable ASCII symbols","\t\t\t// using a hexadecimal escape.","\t\t\t.replace(regexBmpWhitelist, escapeBmpSymbol);","\t};","\t// Expose default options (so they can be overridden globally).","\tencode.options = {","\t\t'allowUnsafeSymbols': false,","\t\t'encodeEverything': false,","\t\t'strict': false,","\t\t'useNamedReferences': false,","\t\t'decimal' : false","\t};","","\tvar decode = function(html, options) {","\t\toptions = merge(options, decode.options);","\t\tvar strict = options.strict;","\t\tif (strict && regexInvalidEntity.test(html)) {","\t\t\tparseError('malformed character reference');","\t\t}","\t\treturn html.replace(regexDecode, function($0, $1, $2, $3, $4, $5, $6, $7) {","\t\t\tvar codePoint;","\t\t\tvar semicolon;","\t\t\tvar decDigits;","\t\t\tvar hexDigits;","\t\t\tvar reference;","\t\t\tvar next;","\t\t\tif ($1) {","\t\t\t\t// Decode decimal escapes, e.g. `&#119558;`.","\t\t\t\tdecDigits = $1;","\t\t\t\tsemicolon = $2;","\t\t\t\tif (strict && !semicolon) {","\t\t\t\t\tparseError('character reference was not terminated by a semicolon');","\t\t\t\t}","\t\t\t\tcodePoint = parseInt(decDigits, 10);","\t\t\t\treturn codePointToSymbol(codePoint, strict);","\t\t\t}","\t\t\tif ($3) {","\t\t\t\t// Decode hexadecimal escapes, e.g. `&#x1D306;`.","\t\t\t\thexDigits = $3;","\t\t\t\tsemicolon = $4;","\t\t\t\tif (strict && !semicolon) {","\t\t\t\t\tparseError('character reference was not terminated by a semicolon');","\t\t\t\t}","\t\t\t\tcodePoint = parseInt(hexDigits, 16);","\t\t\t\treturn codePointToSymbol(codePoint, strict);","\t\t\t}","\t\t\tif ($5) {","\t\t\t\t// Decode named character references with trailing `;`, e.g. `&copy;`.","\t\t\t\treference = $5;","\t\t\t\tif (has(decodeMap, reference)) {","\t\t\t\t\treturn decodeMap[reference];","\t\t\t\t} else {","\t\t\t\t\t// Ambiguous ampersand. https://mths.be/notes/ambiguous-ampersands","\t\t\t\t\tif (strict) {","\t\t\t\t\t\tparseError(","\t\t\t\t\t\t\t'named character reference was not terminated by a semicolon'","\t\t\t\t\t\t);","\t\t\t\t\t}","\t\t\t\t\treturn $0;","\t\t\t\t}","\t\t\t}","\t\t\t// If we’re still here, it’s a legacy reference for sure. No need for an","\t\t\t// extra `if` check.","\t\t\t// Decode named character references without trailing `;`, e.g. `&amp`","\t\t\t// This is only a parse error if it gets converted to `&`, or if it is","\t\t\t// followed by `=` in an attribute context.","\t\t\treference = $6;","\t\t\tnext = $7;","\t\t\tif (next && options.isAttributeValue) {","\t\t\t\tif (strict && next == '=') {","\t\t\t\t\tparseError('`&` did not start a character reference');","\t\t\t\t}","\t\t\t\treturn $0;","\t\t\t} else {","\t\t\t\tif (strict) {","\t\t\t\t\tparseError(","\t\t\t\t\t\t'named character reference was not terminated by a semicolon'","\t\t\t\t\t);","\t\t\t\t}","\t\t\t\t// Note: there is no need to check `has(decodeMapLegacy, reference)`.","\t\t\t\treturn decodeMapLegacy[reference] + (next || '');","\t\t\t}","\t\t});","\t};","\t// Expose default options (so they can be overridden globally).","\tdecode.options = {","\t\t'isAttributeValue': false,","\t\t'strict': false","\t};","","\tvar escape = function(string) {","\t\treturn string.replace(regexEscape, function($0) {","\t\t\t// Note: there is no need to check `has(escapeMap, $0)` here.","\t\t\treturn escapeMap[$0];","\t\t});","\t};","","\t/*--------------------------------------------------------------------------*/","","\tvar he = {","\t\t'version': '1.1.1',","\t\t'encode': encode,","\t\t'decode': decode,","\t\t'escape': escape,","\t\t'unescape': decode","\t};","","\t// Some AMD build optimizers, like r.js, check for specific condition patterns","\t// like the following:","\tif (","\t\ttypeof define == 'function' &&","\t\ttypeof define.amd == 'object' &&","\t\tdefine.amd","\t) {","\t\tdefine(function() {","\t\t\treturn he;","\t\t});","\t}\telse if (freeExports && !freeExports.nodeType) {","\t\tif (freeModule) { // in Node.js, io.js, or RingoJS v0.8.0+","\t\t\tfreeModule.exports = he;","\t\t} else { // in Narwhal or RingoJS v0.7.0-","\t\t\tfor (var key in he) {","\t\t\t\thas(he, key) && (freeExports[key] = he[key]);","\t\t\t}","\t\t}","\t} else { // in Rhino or a web browser","\t\troot.he = he;","\t}","","}(this));",""],"l":{"2":1,"5":1,"8":1,"13":1,"14":1,"15":1,"21":1,"25":1,"29":1,"31":1,"32":1,"34":1,"35":1,"52":1,"53":1,"54":1,"55":1,"56":1,"57":1,"58":1,"62":1,"64":1,"65":1,"66":1,"67":0,"70":1,"71":0,"72":0,"73":0,"74":0,"75":0,"78":0,"81":1,"82":0,"83":0,"85":0,"86":0,"87":0,"90":0,"92":0,"96":1,"97":0,"98":0,"103":0,"104":0,"106":0,"108":0,"109":0,"110":0,"112":0,"114":0,"115":0,"117":0,"118":0,"119":0,"120":0,"122":0,"123":0,"126":1,"127":0,"130":1,"131":0,"134":1,"135":0,"140":1,"141":0,"142":0,"143":0,"144":0,"146":0,"147":0,"148":0,"149":0,"151":0,"152":0,"155":0,"157":0,"159":0,"160":0,"162":0,"166":0,"167":0,"173":0,"175":0,"177":0,"181":0,"184":0,"185":0,"186":0,"191":0,"195":0,"197":0,"199":0,"202":0,"204":0,"208":0,"209":0,"210":0,"211":0,"218":1,"226":1,"227":0,"228":0,"229":0,"230":0,"232":0,"233":0,"234":0,"235":0,"236":0,"237":0,"238":0,"239":0,"241":0,"242":0,"243":0,"244":0,"246":0,"247":0,"249":0,"251":0,"252":0,"253":0,"254":0,"256":0,"257":0,"259":0,"261":0,"262":0,"263":0,"266":0,"267":0,"271":0,"279":0,"280":0,"281":0,"282":0,"283":0,"285":0,"287":0,"288":0,"293":0,"298":1,"303":1,"304":0,"306":0,"312":1,"322":1,"327":0,"328":0,"330":1,"331":1,"332":1,"334":0,"335":0,"339":0}}}